================================================================================
+++++++++++++++++++++++++++Start: 02/05/2020 19:54:36+++++++++++++++++++++++++++
================================================================================
{
  "device": "gpu",
  "n_gpu": 1,
  "n_ally": 1,
  "n_advr": null,
  "n_advr_1": 10,
  "n_advr_2": 1,
  "n_channels": null,
  "n_filters": null,
  "dim": 1024,
  "hidden_dim": 2048,
  "leaky": 0,
  "activation": "tanh",
  "test_size": 0.3,
  "batch_size": 4096,
  "n_epochs": 501,
  "shuffle": 0,
  "init_w": 1,
  "lr_encd": 0.01,
  "lr_ally": 1e-05,
  "lr_advr": null,
  "lr_advr_1": 1e-05,
  "lr_advr_2": 1e-05,
  "alpha": 0.5,
  "g_reps": 1,
  "d_reps": 1,
  "num_allies": null,
  "expt": "mnist"
}
================================================================================
DType: torch.float32
Cuda available: True
Device: cuda
================================================================================
Dataset loaded
--------------------------------------------------------------------------------
['X']: (60000, 784)
['y_ally']: (60000,)
['y_advr_1']: (60000,)
['y_advr_2']: (60000,)
================================================================================
Data size after train test split
--------------------------------------------------------------------------------
['X_normalized_train']: (42000, 784)
['X_normalized_valid']: (18000, 784)
['y_ally_train']: (42000, 1)
['y_ally_valid']: (18000, 1)
['y_advr_1_train']: (42000, 10)
['y_advr_1_valid']: (18000, 10)
['y_advr_2_train']: (42000, 1)
['y_advr_2_valid']: (18000, 1)
================================================================================
applying weights_init ...
================================================================================
++++++++++++++++++++++++++++++++++++encoder++++++++++++++++++++++++++++++++++++
----------------------------------------------------------------
        Layer (type)               Output Shape         Param #
================================================================
            Linear-1              [-1, 1, 2048]       1,607,680
              ReLU-2              [-1, 1, 2048]               0
            Linear-3              [-1, 1, 1024]       2,098,176
              Tanh-4              [-1, 1, 1024]               0
================================================================
Total params: 3,705,856
Trainable params: 3,705,856
Non-trainable params: 0
----------------------------------------------------------------
Input size (MB): 0.00
Forward/backward pass size (MB): 0.05
Params size (MB): 14.14
Estimated Total Size (MB): 14.19
----------------------------------------------------------------
================================================================================
++++++++++++++++++++++++++++++++++++++ally++++++++++++++++++++++++++++++++++++++
----------------------------------------------------------------
        Layer (type)               Output Shape         Param #
================================================================
            Linear-1              [-1, 1, 2048]       2,099,200
              ReLU-2              [-1, 1, 2048]               0
            Linear-3                 [-1, 1, 1]           2,049
           Sigmoid-4                 [-1, 1, 1]               0
================================================================
Total params: 2,101,249
Trainable params: 2,101,249
Non-trainable params: 0
----------------------------------------------------------------
Input size (MB): 0.00
Forward/backward pass size (MB): 0.03
Params size (MB): 8.02
Estimated Total Size (MB): 8.05
----------------------------------------------------------------
================================================================================
+++++++++++++++++++++++++++++++++++++advr_1+++++++++++++++++++++++++++++++++++++
----------------------------------------------------------------
        Layer (type)               Output Shape         Param #
================================================================
            Linear-1              [-1, 1, 2048]       2,099,200
              ReLU-2              [-1, 1, 2048]               0
            Linear-3                [-1, 1, 10]          20,490
           Sigmoid-4                [-1, 1, 10]               0
================================================================
Total params: 2,119,690
Trainable params: 2,119,690
Non-trainable params: 0
----------------------------------------------------------------
Input size (MB): 0.00
Forward/backward pass size (MB): 0.03
Params size (MB): 8.09
Estimated Total Size (MB): 8.12
----------------------------------------------------------------
================================================================================
+++++++++++++++++++++++++++++++++++++advr_2+++++++++++++++++++++++++++++++++++++
----------------------------------------------------------------
        Layer (type)               Output Shape         Param #
================================================================
            Linear-1              [-1, 1, 2048]       2,099,200
              ReLU-2              [-1, 1, 2048]               0
            Linear-3                 [-1, 1, 1]           2,049
           Sigmoid-4                 [-1, 1, 1]               0
================================================================
Total params: 2,101,249
Trainable params: 2,101,249
Non-trainable params: 0
----------------------------------------------------------------
Input size (MB): 0.00
Forward/backward pass size (MB): 0.03
Params size (MB): 8.02
Estimated Total Size (MB): 8.05
----------------------------------------------------------------
Epoch 	 Encd Train 	 Encd Valid 	 Ally Train 	 Ally Valid 	 Advr 1 Train 	 Advr 1 Valid 	 Advr 2 Train 	 Advr 2 Valid
0 	 0.59272891 	 0.44771402 	 0.82271648 	 0.80670887 	 2.06830476 	 2.05304012 	 0.80963050 	 0.79861724
50 	 0.38555251 	 0.39269542 	 0.75943433 	 0.74833405 	 1.85087890 	 1.84752877 	 0.70896248 	 0.70649930
100 	 0.37795521 	 0.36691912 	 0.72420231 	 0.71759634 	 1.77063243 	 1.76845694 	 0.68580960 	 0.68394147
150 	 0.38048411 	 0.36993164 	 0.69772178 	 0.69777391 	 1.74601049 	 1.74657228 	 0.67933292 	 0.67886673
200 	 0.40022503 	 0.50081061 	 0.68670952 	 0.68651975 	 1.87035742 	 1.86461489 	 0.67854134 	 0.67728451
250 	 0.35328759 	 0.49531612 	 0.69148401 	 0.69146751 	 1.87906710 	 1.87404058 	 0.68707531 	 0.68725696
300 	 0.34786810 	 0.33126937 	 0.69377252 	 0.69400665 	 1.72026348 	 1.72211382 	 0.69794282 	 0.69683779
350 	 0.39696733 	 0.33183045 	 0.68795726 	 0.68823045 	 1.71063034 	 1.71207283 	 0.69342320 	 0.69201193
400 	 0.39857568 	 0.36811115 	 0.67008560 	 0.66963850 	 1.72927639 	 1.72995758 	 0.69338141 	 0.69220797
450 	 0.35715502 	 0.34340136 	 0.67946280 	 0.68032318 	 1.70115397 	 1.70350578 	 0.68149712 	 0.67978125
500 	 0.40232373 	 0.34554267 	 0.69554401 	 0.69434962 	 1.72959845 	 1.73021979 	 0.69127405 	 0.69032750
================================================================================
Saving: plots/mnist/eigan_training_02_05_2020_19_54_36_A_device_cuda_dim_1024_hidden_2048_batch_4096_epochs_501_lrencd_0.01_lrally_1e-05_lradvr_1e-05_tr_0.4023_val_1.7302.png
Saving: checkpoints/mnist/eigan_training_history_02_05_2020_19_54_36_A_device_cuda_dim_1024_hidden_2048_batch_4096_epochs_501_lrencd_0.01_lrally_1e-05_lradvr_1e-05_tr_0.4023_val_1.7302.pkl
Saving: checkpoints/mnist/eigan_torch_model_02_05_2020_19_54_36_A_device_cuda_dim_1024_hidden_2048_batch_4096_epochs_501_lrencd_0.01_lrally_1e-05_lradvr_1e-05_tr_0.4023_val_1.7302.pkl
================================================================================
+++++++++++++++++++++++++++End: 02/05/2020 20:22:01+++++++++++++++++++++++++++
================================================================================
