================================================================================
+++++++++++++++++++++++++++Start: 01/30/2020 23:28:51+++++++++++++++++++++++++++
================================================================================
{
  "device": "gpu",
  "n_ally": 1,
  "n_advr": null,
  "n_advr_1": 10,
  "n_advr_2": 1,
  "dim": 331,
  "hidden_dim": 1024,
  "leaky": 0,
  "epsilon": null,
  "test_size": 0.3,
  "batch_size": 16384,
  "n_epochs": 1001,
  "shuffle": 0,
  "lr_ally": 0.0001,
  "lr_advr": null,
  "lr_advr_1": 0.0001,
  "lr_advr_2": 0.0001,
  "expt": "mnist",
  "pca_ckpt": "checkpoints/mnist/pca_basic_sklearn_model_01_30_2020_05_21_11_dim_331.pkl",
  "autoencoder_ckpt": null,
  "encoder_ckpt": null
}
================================================================================
DType: torch.float32
Cuda available: True
Device: cuda
================================================================================
Dataset loaded
--------------------------------------------------------------------------------
['X']: (60000, 784)
['y_ally']: (60000,)
['y_advr_1']: (60000,)
['y_advr_2']: (60000,)
================================================================================
Data size after train test split
--------------------------------------------------------------------------------
['X_normalized_train']: (42000, 784)
['X_normalized_valid']: (18000, 784)
['y_ally_train']: (42000, 1)
['y_ally_valid']: (18000, 1)
['y_advr_1_train']: (42000, 10)
['y_advr_1_valid']: (18000, 10)
['y_advr_2_train']: (42000, 1)
['y_advr_2_valid']: (18000, 1)
================================================================================
++++++++++++++++++++++++++++++++++++pca:ally++++++++++++++++++++++++++++++++++++
----------------------------------------------------------------
        Layer (type)               Output Shape         Param #
================================================================
            Linear-1              [-1, 1, 1024]         339,968
              ReLU-2              [-1, 1, 1024]               0
            Linear-3                 [-1, 1, 1]           1,025
           Sigmoid-4                 [-1, 1, 1]               0
================================================================
Total params: 340,993
Trainable params: 340,993
Non-trainable params: 0
----------------------------------------------------------------
Input size (MB): 0.00
Forward/backward pass size (MB): 0.02
Params size (MB): 1.30
Estimated Total Size (MB): 1.32
----------------------------------------------------------------
================================================================================
+++++++++++++++++++++++++++++++++++pca:advr 1+++++++++++++++++++++++++++++++++++
----------------------------------------------------------------
        Layer (type)               Output Shape         Param #
================================================================
            Linear-1              [-1, 1, 1024]         339,968
              ReLU-2              [-1, 1, 1024]               0
            Linear-3                [-1, 1, 10]          10,250
           Sigmoid-4                [-1, 1, 10]               0
================================================================
Total params: 350,218
Trainable params: 350,218
Non-trainable params: 0
----------------------------------------------------------------
Input size (MB): 0.00
Forward/backward pass size (MB): 0.02
Params size (MB): 1.34
Estimated Total Size (MB): 1.35
----------------------------------------------------------------
================================================================================
+++++++++++++++++++++++++++++++++++pca:advr 2+++++++++++++++++++++++++++++++++++
----------------------------------------------------------------
        Layer (type)               Output Shape         Param #
================================================================
            Linear-1              [-1, 1, 1024]         339,968
              ReLU-2              [-1, 1, 1024]               0
            Linear-3                 [-1, 1, 1]           1,025
           Sigmoid-4                 [-1, 1, 1]               0
================================================================
Total params: 340,993
Trainable params: 340,993
Non-trainable params: 0
----------------------------------------------------------------
Input size (MB): 0.00
Forward/backward pass size (MB): 0.02
Params size (MB): 1.30
Estimated Total Size (MB): 1.32
----------------------------------------------------------------
================================================================================
++++++++++++++++++++++++++++++++++adversary 1++++++++++++++++++++++++++++++++++
Epoch 	 Advr 1 Train 	 Advr 1 Valid
0 	 2.30309129 	 2.29807568 	 0.13494444
100 	 1.70852280 	 1.71538705 	 0.89538889
200 	 1.58055655 	 1.59256065 	 0.91633333
300 	 1.54400376 	 1.55896693 	 0.92766667
400 	 1.52503657 	 1.54280329 	 0.93488889
500 	 1.51244362 	 1.53269285 	 0.94100000
600 	 1.50308700 	 1.52550811 	 0.94588889
700 	 1.49584723 	 1.51999927 	 0.95055556
800 	 1.49002993 	 1.51554960 	 0.95477778
900 	 1.48534095 	 1.51202279 	 0.95788889
1000 	 1.48163009 	 1.50932622 	 0.96022222
================================================================================
++++++++++++++++++++++++++++++++++adversary 2++++++++++++++++++++++++++++++++++
Epoch 	 Advr 2 Train 	 Advr 2 Valid
0 	 0.72839795 	 0.72681743 	 0.52427778
100 	 0.57676494 	 0.58031654 	 0.88500000
200 	 0.54478699 	 0.54984969 	 0.93394444
300 	 0.53107061 	 0.53703848 	 0.95550000
400 	 0.52379193 	 0.53030860 	 0.96627778
500 	 0.51942128 	 0.52637142 	 0.97050000
600 	 0.51653838 	 0.52401027 	 0.97277778
700 	 0.51456531 	 0.52259219 	 0.97411111
800 	 0.51310058 	 0.52167252 	 0.97516667
900 	 0.51200547 	 0.52100900 	 0.97566667
1000 	 0.51118014 	 0.52052462 	 0.97611111
================================================================================
++++++++++++++++++++++++++++++++++++++ally++++++++++++++++++++++++++++++++++++++
Epoch 	 Ally Train 	 Ally Valid 	 Accuracy
0 	 0.71887642 	 0.71876138 	 0.65716667
100 	 0.55710546 	 0.56116655 	 0.92277778
200 	 0.52928084 	 0.53483310 	 0.95077778
300 	 0.51867741 	 0.52501324 	 0.96338889
400 	 0.51309854 	 0.52007401 	 0.97122222
500 	 0.50975994 	 0.51733905 	 0.97444444
600 	 0.50749667 	 0.51560256 	 0.97683333
700 	 0.50586488 	 0.51439998 	 0.97855556
800 	 0.50464940 	 0.51354694 	 0.97972222
900 	 0.50373499 	 0.51291251 	 0.98061111
1000 	 0.50308383 	 0.51249117 	 0.98055556
================================================================================
Saving: checkpoints/mnist/ind_pca_training_history_01_30_2020_23_28_51.pkl
================================================================================
+++++++++++++++++++++++++++End: 01/31/2020 00:09:42+++++++++++++++++++++++++++
================================================================================
