================================================================================
+++++++++++++++++++++++++++Start: 01/30/2020 23:35:33+++++++++++++++++++++++++++
================================================================================
{
  "device": "gpu",
  "n_ally": 1,
  "n_advr": null,
  "n_advr_1": 10,
  "n_advr_2": 1,
  "dim": 331,
  "hidden_dim": 1024,
  "leaky": 0,
  "epsilon": null,
  "test_size": 0.3,
  "batch_size": 16384,
  "n_epochs": 1001,
  "shuffle": 0,
  "lr_ally": 0.0001,
  "lr_advr": null,
  "lr_advr_1": 0.0001,
  "lr_advr_2": 0.0001,
  "expt": "mnist",
  "pca_ckpt": null,
  "autoencoder_ckpt": "checkpoints/mnist/autoencoder_basic_torch_model_01_30_2020_05_31_40_device_cpu_dim_331_batch_1024_epochs_101_lr_0.0001_tr_0.0050_val_0.0053.pkl",
  "encoder_ckpt": null
}
================================================================================
DType: torch.float32
Cuda available: True
Device: cuda
================================================================================
Dataset loaded
--------------------------------------------------------------------------------
['X']: (60000, 784)
['y_ally']: (60000,)
['y_advr_1']: (60000,)
['y_advr_2']: (60000,)
================================================================================
Data size after train test split
--------------------------------------------------------------------------------
['X_normalized_train']: (42000, 784)
['X_normalized_valid']: (18000, 784)
['y_ally_train']: (42000, 1)
['y_ally_valid']: (18000, 1)
['y_advr_1_train']: (42000, 10)
['y_advr_1_valid']: (18000, 10)
['y_advr_2_train']: (42000, 1)
['y_advr_2_valid']: (18000, 1)
================================================================================
++++++++++++++++++++++++++++++++autoencoder:ally++++++++++++++++++++++++++++++++
----------------------------------------------------------------
        Layer (type)               Output Shape         Param #
================================================================
            Linear-1              [-1, 1, 1024]         339,968
              ReLU-2              [-1, 1, 1024]               0
            Linear-3                 [-1, 1, 1]           1,025
           Sigmoid-4                 [-1, 1, 1]               0
================================================================
Total params: 340,993
Trainable params: 340,993
Non-trainable params: 0
----------------------------------------------------------------
Input size (MB): 0.00
Forward/backward pass size (MB): 0.02
Params size (MB): 1.30
Estimated Total Size (MB): 1.32
----------------------------------------------------------------
================================================================================
+++++++++++++++++++++++++++++++autoencoder:advr 1+++++++++++++++++++++++++++++++
----------------------------------------------------------------
        Layer (type)               Output Shape         Param #
================================================================
            Linear-1              [-1, 1, 1024]         339,968
              ReLU-2              [-1, 1, 1024]               0
            Linear-3                [-1, 1, 10]          10,250
           Sigmoid-4                [-1, 1, 10]               0
================================================================
Total params: 350,218
Trainable params: 350,218
Non-trainable params: 0
----------------------------------------------------------------
Input size (MB): 0.00
Forward/backward pass size (MB): 0.02
Params size (MB): 1.34
Estimated Total Size (MB): 1.35
----------------------------------------------------------------
================================================================================
+++++++++++++++++++++++++++++++autoencoder:advr 2+++++++++++++++++++++++++++++++
----------------------------------------------------------------
        Layer (type)               Output Shape         Param #
================================================================
            Linear-1              [-1, 1, 1024]         339,968
              ReLU-2              [-1, 1, 1024]               0
            Linear-3                 [-1, 1, 1]           1,025
           Sigmoid-4                 [-1, 1, 1]               0
================================================================
Total params: 340,993
Trainable params: 340,993
Non-trainable params: 0
----------------------------------------------------------------
Input size (MB): 0.00
Forward/backward pass size (MB): 0.02
Params size (MB): 1.30
Estimated Total Size (MB): 1.32
----------------------------------------------------------------
================================================================================
++++++++++++++++++++++++++++++++++adversary 1++++++++++++++++++++++++++++++++++
Epoch 	 Advr 1 Train 	 Advr 1 Valid
0 	 2.29382698 	 2.26783049 	 0.13827778
100 	 1.58997492 	 1.59446239 	 0.90161111
200 	 1.54874587 	 1.55473000 	 0.92350000
300 	 1.52668071 	 1.53379267 	 0.93761111
400 	 1.51263034 	 1.52047670 	 0.94800000
500 	 1.50276319 	 1.51127899 	 0.95644444
600 	 1.49526695 	 1.50473839 	 0.96288889
700 	 1.48937452 	 1.49992347 	 0.96755556
800 	 1.48475893 	 1.49610937 	 0.97127778
900 	 1.48123074 	 1.49324250 	 0.97305556
1000 	 1.47843631 	 1.49123490 	 0.97472222
================================================================================
++++++++++++++++++++++++++++++++++adversary 2++++++++++++++++++++++++++++++++++
Epoch 	 Advr 2 Train 	 Advr 2 Valid
0 	 0.72332199 	 0.70422652 	 0.50994444
100 	 0.55545145 	 0.55442211 	 0.91661111
200 	 0.53103165 	 0.53006533 	 0.95988889
300 	 0.52406033 	 0.52323344 	 0.96988889
400 	 0.52039669 	 0.52012780 	 0.97422222
500 	 0.51807274 	 0.51832363 	 0.97661111
600 	 0.51643163 	 0.51718774 	 0.97800000
700 	 0.51514395 	 0.51642758 	 0.97850000
800 	 0.51408201 	 0.51593715 	 0.97961111
900 	 0.51319484 	 0.51556227 	 0.98033333
1000 	 0.51243464 	 0.51524648 	 0.98094444
================================================================================
++++++++++++++++++++++++++++++++++++++ally++++++++++++++++++++++++++++++++++++++
Epoch 	 Ally Train 	 Ally Valid
0 	 0.70628407 	 0.68567824 	 0.49150000
100 	 0.53924408 	 0.54229647 	 0.92211111
200 	 0.52070371 	 0.52228943 	 0.96144444
300 	 0.51481020 	 0.51644436 	 0.96972222
400 	 0.51161818 	 0.51361269 	 0.97500000
500 	 0.50937903 	 0.51189834 	 0.97827778
600 	 0.50770382 	 0.51087135 	 0.97955556
700 	 0.50641455 	 0.51023185 	 0.98127778
800 	 0.50541000 	 0.50979006 	 0.98161111
900 	 0.50462993 	 0.50949028 	 0.98205556
1000 	 0.50401014 	 0.50922230 	 0.98227778
================================================================================
Saving: checkpoints/mnist/ind_autoencoder_training_history_01_30_2020_23_35_33.pkl
================================================================================
+++++++++++++++++++++++++++End: 01/31/2020 00:18:35+++++++++++++++++++++++++++
================================================================================
