================================================================================
+++++++++++++++++++++++++++Start: 01/31/2020 16:05:44+++++++++++++++++++++++++++
================================================================================
{
  "device": "gpu",
  "n_ally": 1,
  "n_advr": null,
  "n_advr_1": 10,
  "n_advr_2": 1,
  "dim": 1024,
  "hidden_dim": 2048,
  "leaky": 0,
  "epsilon": null,
  "test_size": 0.3,
  "batch_size": 16834,
  "n_epochs": 1001,
  "shuffle": 0,
  "lr_ally": 0.0001,
  "lr_advr": null,
  "lr_advr_1": 0.0001,
  "lr_advr_2": 0.0001,
  "expt": "mnist",
  "pca_ckpt": null,
  "autoencoder_ckpt": null,
  "encoder_ckpt": "checkpoints/mnist/eigan_torch_model_01_30_2020_20_55_09_F_device_cuda_dim_1024_hidden_2048_batch_1024_epochs_101_lrencd_1e-05_lrally_0.0001_lradvr_1e-05_tr_-2.4482_val_2.2452.pkl"
}
================================================================================
DType: torch.float32
Cuda available: True
Device: cuda
================================================================================
Dataset loaded
--------------------------------------------------------------------------------
['X']: (60000, 784)
['y_ally']: (60000,)
['y_advr_1']: (60000,)
['y_advr_2']: (60000,)
================================================================================
Data size after train test split
--------------------------------------------------------------------------------
['X_normalized_train']: (42000, 784)
['X_normalized_valid']: (18000, 784)
['y_ally_train']: (42000, 1)
['y_ally_valid']: (18000, 1)
['y_advr_1_train']: (42000, 10)
['y_advr_1_valid']: (18000, 10)
['y_advr_2_train']: (42000, 1)
['y_advr_2_valid']: (18000, 1)
================================================================================
++++++++++++++++++++++++++++++++++encoder:ally++++++++++++++++++++++++++++++++++
----------------------------------------------------------------
        Layer (type)               Output Shape         Param #
================================================================
            Linear-1              [-1, 1, 2048]       2,099,200
              ReLU-2              [-1, 1, 2048]               0
            Linear-3                 [-1, 1, 1]           2,049
           Sigmoid-4                 [-1, 1, 1]               0
================================================================
Total params: 2,101,249
Trainable params: 2,101,249
Non-trainable params: 0
----------------------------------------------------------------
Input size (MB): 0.00
Forward/backward pass size (MB): 0.03
Params size (MB): 8.02
Estimated Total Size (MB): 8.05
----------------------------------------------------------------
================================================================================
+++++++++++++++++++++++++++++++++encoder:advr 1+++++++++++++++++++++++++++++++++
----------------------------------------------------------------
        Layer (type)               Output Shape         Param #
================================================================
            Linear-1              [-1, 1, 2048]       2,099,200
              ReLU-2              [-1, 1, 2048]               0
            Linear-3                [-1, 1, 10]          20,490
           Sigmoid-4                [-1, 1, 10]               0
================================================================
Total params: 2,119,690
Trainable params: 2,119,690
Non-trainable params: 0
----------------------------------------------------------------
Input size (MB): 0.00
Forward/backward pass size (MB): 0.03
Params size (MB): 8.09
Estimated Total Size (MB): 8.12
----------------------------------------------------------------
================================================================================
+++++++++++++++++++++++++++++++++encoder:advr 2+++++++++++++++++++++++++++++++++
----------------------------------------------------------------
        Layer (type)               Output Shape         Param #
================================================================
            Linear-1              [-1, 1, 2048]       2,099,200
              ReLU-2              [-1, 1, 2048]               0
            Linear-3                 [-1, 1, 1]           2,049
           Sigmoid-4                 [-1, 1, 1]               0
================================================================
Total params: 2,101,249
Trainable params: 2,101,249
Non-trainable params: 0
----------------------------------------------------------------
Input size (MB): 0.00
Forward/backward pass size (MB): 0.03
Params size (MB): 8.02
Estimated Total Size (MB): 8.05
----------------------------------------------------------------
================================================================================
++++++++++++++++++++++++++++++++++adversary 1++++++++++++++++++++++++++++++++++
Epoch 	 Advr 1 Train 	 Advr 1 Valid
0 	 2.30005376 	 2.29469299 	 0.50650000
100 	 1.64232854 	 1.64024949 	 0.87838889
200 	 1.56535244 	 1.56459421 	 0.91594444
300 	 1.53806396 	 1.53939390 	 0.93066667
400 	 1.52203151 	 1.52512771 	 0.94077778
500 	 1.51096102 	 1.51587003 	 0.94855556
600 	 1.50274158 	 1.50940031 	 0.95477778
700 	 1.49632804 	 1.50460905 	 0.95872222
800 	 1.49134942 	 1.50091374 	 0.96277778
900 	 1.48743586 	 1.49811310 	 0.96544444
1000 	 1.48420250 	 1.49592364 	 0.96777778
================================================================================
++++++++++++++++++++++++++++++++++adversary 2++++++++++++++++++++++++++++++++++
Epoch 	 Advr 2 Train 	 Advr 2 Valid
0 	 0.72658175 	 0.72546372 	 0.50994444
100 	 0.56750838 	 0.57020822 	 0.88827778
200 	 0.54573999 	 0.54850718 	 0.92772222
300 	 0.53522736 	 0.53763995 	 0.94533333
400 	 0.52940208 	 0.53224719 	 0.95377778
500 	 0.52554498 	 0.52904448 	 0.96000000
600 	 0.52265577 	 0.52686208 	 0.96327778
700 	 0.52035588 	 0.52524519 	 0.96694444
800 	 0.51850748 	 0.52400813 	 0.96988889
900 	 0.51699928 	 0.52297723 	 0.97122222
1000 	 0.51574558 	 0.52222034 	 0.97227778
================================================================================
++++++++++++++++++++++++++++++++++++++ally++++++++++++++++++++++++++++++++++++++
Epoch 	 Ally Train 	 Ally Valid
0 	 0.71785589 	 0.71581325 	 0.49150000
100 	 0.54879785 	 0.54761004 	 0.90777778
200 	 0.53136015 	 0.53159297 	 0.94366667
300 	 0.51558687 	 0.51732612 	 0.97905556
400 	 0.50869038 	 0.51128376 	 0.98922222
500 	 0.50594803 	 0.50906909 	 0.99161111
600 	 0.50457233 	 0.50801805 	 0.99227778
700 	 0.50372481 	 0.50738543 	 0.99277778
800 	 0.50314655 	 0.50698534 	 0.99305556
900 	 0.50272032 	 0.50672409 	 0.99305556
1000 	 0.50238605 	 0.50655326 	 0.99305556
================================================================================
Saving: checkpoints/mnist/ind_gan_training_history_01_31_2020_16_05_44.pkl
================================================================================
+++++++++++++++++++++++++++End: 01/31/2020 16:53:57+++++++++++++++++++++++++++
================================================================================
