================================================================================
+++++++++++++++++++++++++++Start: 01/25/2020 22:29:45+++++++++++++++++++++++++++
================================================================================
{
  "device": "gpu",
  "n_gpu": 1,
  "n_ally": 1,
  "n_advr": null,
  "n_advr_1": 1,
  "n_advr_2": 3,
  "n_channels": null,
  "n_filters": null,
  "dim": 256,
  "hidden_dim": 512,
  "leaky": 0,
  "activation": "tanh",
  "test_size": 0.1,
  "batch_size": 1024,
  "n_epochs": 1001,
  "shuffle": 0,
  "init_w": 1,
  "lr_encd": 1e-05,
  "lr_ally": 1e-05,
  "lr_advr": null,
  "lr_advr_1": 1e-06,
  "lr_advr_2": 1e-05,
  "alpha": 0.5,
  "g_reps": 1,
  "d_reps": 1,
  "expt": "titanic"
}
================================================================================
DType: torch.float32
Cuda available: True
Device: cuda
================================================================================
Dataset loaded
--------------------------------------------------------------------------------
['X']: (712, 1321)
['y_ally']: (712,)
['y_advr_1']: (712,)
['y_advr_2']: (712, 3)
================================================================================
Data size after train test split
--------------------------------------------------------------------------------
['X_train']: (640, 1321)
['X_valid']: (72, 1321)
['y_ally_train']: (640,)
['y_ally_valid']: (72,)
['y_advr_1_train']: (640,)
['y_advr_1_valid']: (72,)
['y_advr_2_train']: (640, 3)
['y_advr_2_valid']: (72, 3)
================================================================================
['X_normalized_train']: (640, 1321)
['X_normalized_valid']: (72, 1321)
================================================================================
applying weights_init ...
================================================================================
++++++++++++++++++++++++++++++++++++encoder++++++++++++++++++++++++++++++++++++
----------------------------------------------------------------
        Layer (type)               Output Shape         Param #
================================================================
            Linear-1               [-1, 1, 512]         676,864
              ReLU-2               [-1, 1, 512]               0
            Linear-3               [-1, 1, 256]         131,328
              Tanh-4               [-1, 1, 256]               0
================================================================
Total params: 808,192
Trainable params: 808,192
Non-trainable params: 0
----------------------------------------------------------------
Input size (MB): 0.01
Forward/backward pass size (MB): 0.01
Params size (MB): 3.08
Estimated Total Size (MB): 3.10
----------------------------------------------------------------
================================================================================
++++++++++++++++++++++++++++++++++++++ally++++++++++++++++++++++++++++++++++++++
----------------------------------------------------------------
        Layer (type)               Output Shape         Param #
================================================================
            Linear-1               [-1, 1, 512]         131,584
              ReLU-2               [-1, 1, 512]               0
            Linear-3                 [-1, 1, 1]             513
           Sigmoid-4                 [-1, 1, 1]               0
================================================================
Total params: 132,097
Trainable params: 132,097
Non-trainable params: 0
----------------------------------------------------------------
Input size (MB): 0.00
Forward/backward pass size (MB): 0.01
Params size (MB): 0.50
Estimated Total Size (MB): 0.51
----------------------------------------------------------------
================================================================================
+++++++++++++++++++++++++++++++++++++advr_1+++++++++++++++++++++++++++++++++++++
----------------------------------------------------------------
        Layer (type)               Output Shape         Param #
================================================================
            Linear-1               [-1, 1, 512]         131,584
              ReLU-2               [-1, 1, 512]               0
            Linear-3                 [-1, 1, 1]             513
           Sigmoid-4                 [-1, 1, 1]               0
================================================================
Total params: 132,097
Trainable params: 132,097
Non-trainable params: 0
----------------------------------------------------------------
Input size (MB): 0.00
Forward/backward pass size (MB): 0.01
Params size (MB): 0.50
Estimated Total Size (MB): 0.51
----------------------------------------------------------------
================================================================================
+++++++++++++++++++++++++++++++++++++advr_2+++++++++++++++++++++++++++++++++++++
----------------------------------------------------------------
        Layer (type)               Output Shape         Param #
================================================================
            Linear-1               [-1, 1, 512]         131,584
              ReLU-2               [-1, 1, 512]               0
            Linear-3                 [-1, 1, 3]           1,539
           Sigmoid-4                 [-1, 1, 3]               0
================================================================
Total params: 133,123
Trainable params: 133,123
Non-trainable params: 0
----------------------------------------------------------------
Input size (MB): 0.00
Forward/backward pass size (MB): 0.01
Params size (MB): 0.51
Estimated Total Size (MB): 0.52
----------------------------------------------------------------
Epoch 	 Encd Train 	 Encd Valid 	 Ally Train 	 Ally Valid 	 Advr 1 Train 	 Advr 1 Valid 	 Advr 2 Train 	 Advr 2 Valid
0 	 -0.03794104 	 -0.69822633 	 0.76944041 	 0.77062851 	 0.65529555 	 0.66128087 	 0.80767119 	 0.80757397
100 	 -0.06705165 	 -0.71154583 	 0.73930806 	 0.75517637 	 0.65520239 	 0.66085964 	 0.80667311 	 0.80586255
200 	 -0.09728128 	 -0.72302753 	 0.69953054 	 0.73625958 	 0.65496618 	 0.66081214 	 0.79716033 	 0.79847497
300 	 -0.13900280 	 -0.72949940 	 0.64857161 	 0.72315454 	 0.65362936 	 0.66043431 	 0.78805202 	 0.79221964
400 	 -0.18395311 	 -0.73172814 	 0.59054768 	 0.71195138 	 0.65040755 	 0.65928364 	 0.77477038 	 0.78439587
500 	 -0.19676489 	 -0.72465616 	 0.56610179 	 0.71078891 	 0.64618027 	 0.65785915 	 0.76298654 	 0.77758592
600 	 -0.19647789 	 -0.71653670 	 0.55876285 	 0.71365482 	 0.64232391 	 0.65663785 	 0.75532407 	 0.77355367
700 	 -0.19369859 	 -0.71000820 	 0.55622697 	 0.71682769 	 0.63930190 	 0.65570760 	 0.74999970 	 0.77112830
800 	 -0.19079816 	 -0.70522130 	 0.55526137 	 0.71973056 	 0.63731450 	 0.65511346 	 0.74613076 	 0.76983839
900 	 -0.18795389 	 -0.70186454 	 0.55485350 	 0.72187269 	 0.63628829 	 0.65479732 	 0.74287736 	 0.76893991
1000 	 -0.18522143 	 -0.69980341 	 0.55477679 	 0.72292483 	 0.63607281 	 0.65478688 	 0.74006593 	 0.76794136
================================================================================
Saving: plots/titanic/eigan_training_01_25_2020_22_29_45_F_device_cuda_dim_256_hidden_512_batch_1024_epochs_1001_lrencd_1e-05_lrally_1e-05_tr_-0.1852_val_0.6548.png
Saving: checkpoints/titanic/eigan_training_history_01_25_2020_22_29_45_F_device_cuda_dim_256_hidden_512_batch_1024_epochs_1001_lrencd_1e-05_lrally_1e-05_tr_-0.1852_val_0.6548.pkl
Saving: checkpoints/titanic/eigan_torch_model_01_25_2020_22_29_45_F_device_cuda_dim_256_hidden_512_batch_1024_epochs_1001_lrencd_1e-05_lrally_1e-05_tr_-0.1852_val_0.6548.pkl
================================================================================
+++++++++++++++++++++++++++End: 01/25/2020 22:32:50+++++++++++++++++++++++++++
================================================================================
