================================================================================
+++++++++++++++++++++++++++Start: 01/15/2020 22:43:42+++++++++++++++++++++++++++
================================================================================
{
  "device": "gpu",
  "n_gpu": 1,
  "n_ally": 1,
  "n_advr": null,
  "n_advr_1": 1,
  "n_advr_2": 3,
  "n_channels": null,
  "n_filters": null,
  "dim": 1400,
  "hidden_dim": 2800,
  "leaky": 0,
  "activation": "tanh",
  "test_size": 0.1,
  "batch_size": 1024,
  "n_epochs": 1001,
  "shuffle": 0,
  "init_w": 1,
  "lr_encd": 1e-05,
  "lr_ally": 1e-05,
  "lr_advr": null,
  "lr_advr_1": 1e-06,
  "lr_advr_2": 1e-05,
  "alpha": 0.5,
  "g_reps": 1,
  "d_reps": 1,
  "expt": "titanic"
}
================================================================================
DType: torch.float32
Cuda available: True
Device: cuda
================================================================================
Dataset loaded
--------------------------------------------------------------------------------
['X']: (712, 1321)
['y_ally']: (712,)
['y_advr_1']: (712,)
['y_advr_2']: (712, 3)
================================================================================
Data size after train test split
--------------------------------------------------------------------------------
['X_train']: (640, 1321)
['X_valid']: (72, 1321)
['y_ally_train']: (640,)
['y_ally_valid']: (72,)
['y_advr_1_train']: (640,)
['y_advr_1_valid']: (72,)
['y_advr_2_train']: (640, 3)
['y_advr_2_valid']: (72, 3)
================================================================================
['X_normalized_train']: (640, 1321)
['X_normalized_valid']: (72, 1321)
================================================================================
applying weights_init ...
================================================================================
++++++++++++++++++++++++++++++++++++encoder++++++++++++++++++++++++++++++++++++
----------------------------------------------------------------
        Layer (type)               Output Shape         Param #
================================================================
            Linear-1              [-1, 1, 2800]       3,701,600
              ReLU-2              [-1, 1, 2800]               0
            Linear-3              [-1, 1, 1400]       3,921,400
              Tanh-4              [-1, 1, 1400]               0
================================================================
Total params: 7,623,000
Trainable params: 7,623,000
Non-trainable params: 0
----------------------------------------------------------------
Input size (MB): 0.01
Forward/backward pass size (MB): 0.06
Params size (MB): 29.08
Estimated Total Size (MB): 29.15
----------------------------------------------------------------
================================================================================
++++++++++++++++++++++++++++++++++++++ally++++++++++++++++++++++++++++++++++++++
----------------------------------------------------------------
        Layer (type)               Output Shape         Param #
================================================================
            Linear-1              [-1, 1, 2800]       3,922,800
              ReLU-2              [-1, 1, 2800]               0
            Linear-3                 [-1, 1, 1]           2,801
           Sigmoid-4                 [-1, 1, 1]               0
================================================================
Total params: 3,925,601
Trainable params: 3,925,601
Non-trainable params: 0
----------------------------------------------------------------
Input size (MB): 0.01
Forward/backward pass size (MB): 0.04
Params size (MB): 14.97
Estimated Total Size (MB): 15.02
----------------------------------------------------------------
================================================================================
+++++++++++++++++++++++++++++++++++++advr_1+++++++++++++++++++++++++++++++++++++
----------------------------------------------------------------
        Layer (type)               Output Shape         Param #
================================================================
            Linear-1              [-1, 1, 2800]       3,922,800
              ReLU-2              [-1, 1, 2800]               0
            Linear-3                 [-1, 1, 1]           2,801
           Sigmoid-4                 [-1, 1, 1]               0
================================================================
Total params: 3,925,601
Trainable params: 3,925,601
Non-trainable params: 0
----------------------------------------------------------------
Input size (MB): 0.01
Forward/backward pass size (MB): 0.04
Params size (MB): 14.97
Estimated Total Size (MB): 15.02
----------------------------------------------------------------
================================================================================
+++++++++++++++++++++++++++++++++++++advr_2+++++++++++++++++++++++++++++++++++++
----------------------------------------------------------------
        Layer (type)               Output Shape         Param #
================================================================
            Linear-1              [-1, 1, 2800]       3,922,800
              ReLU-2              [-1, 1, 2800]               0
            Linear-3                 [-1, 1, 3]           8,403
           Sigmoid-4                 [-1, 1, 3]               0
================================================================
Total params: 3,931,203
Trainable params: 3,931,203
Non-trainable params: 0
----------------------------------------------------------------
Input size (MB): 0.01
Forward/backward pass size (MB): 0.04
Params size (MB): 15.00
Estimated Total Size (MB): 15.04
----------------------------------------------------------------
Epoch 	 Encd Train 	 Encd Valid 	 Ally Train 	 Ally Valid 	 Advr 1 Train 	 Advr 1 Valid 	 Advr 2 Train 	 Advr 2 Valid
0 	 -0.03443319 	 -0.69791400 	 0.77116281 	 0.77130795 	 0.65555435 	 0.66185272 	 0.80806124 	 1.61543047
100 	 -0.08863431 	 -0.72347206 	 0.68600065 	 0.71870190 	 0.65264452 	 0.65967917 	 0.77681690 	 1.55931169
200 	 -0.21336436 	 -0.74580568 	 0.55751032 	 0.68840945 	 0.63533831 	 0.65254277 	 0.77227944 	 1.55395180
300 	 -0.21182686 	 -0.72759253 	 0.55132312 	 0.69352895 	 0.62116712 	 0.64521134 	 0.76444048 	 1.54035062
400 	 -0.19185495 	 -0.70818460 	 0.54754424 	 0.69406861 	 0.61386603 	 0.64026982 	 0.74068689 	 1.50267029
500 	 -0.18571073 	 -0.70898497 	 0.54706556 	 0.68972951 	 0.61402816 	 0.64053464 	 0.73400283 	 1.49218267
600 	 -0.17920661 	 -0.70949185 	 0.54565483 	 0.68375903 	 0.61812061 	 0.64264232 	 0.72593689 	 1.47654545
700 	 -0.18374455 	 -0.71896136 	 0.54696208 	 0.67972249 	 0.62195653 	 0.64505833 	 0.73181748 	 1.48544300
800 	 -0.18163663 	 -0.71832794 	 0.54731721 	 0.67817241 	 0.62357467 	 0.64576268 	 0.72987932 	 1.48061699
900 	 -0.18401510 	 -0.72230434 	 0.54837346 	 0.67716545 	 0.62400264 	 0.64674437 	 0.73319364 	 1.48591906
1000 	 -0.18524647 	 -0.72274750 	 0.54926556 	 0.67664528 	 0.62390298 	 0.64624184 	 0.73525590 	 1.48840684
================================================================================
Saving: plots/titanic/eigan_training_01_15_2020_22_43_42_E_device_cuda_dim_1400_hidden_2800_batch_1024_epochs_1001_lrencd_1e-05_lrally_1e-05_tr_-0.1852_val_0.6462.png
Saving: checkpoints/titanic/eigan_training_history_01_15_2020_22_43_42_E_device_cuda_dim_1400_hidden_2800_batch_1024_epochs_1001_lrencd_1e-05_lrally_1e-05_tr_-0.1852_val_0.6462.pkl
Saving: checkpoints/titanic/eigan_torch_model_01_15_2020_22_43_42_E_device_cuda_dim_1400_hidden_2800_batch_1024_epochs_1001_lrencd_1e-05_lrally_1e-05_tr_-0.1852_val_0.6462.pkl
================================================================================
+++++++++++++++++++++++++++End: 01/15/2020 22:48:55+++++++++++++++++++++++++++
================================================================================
