================================================================================
+++++++++++++++++++++++++++Start: 01/25/2020 22:40:32+++++++++++++++++++++++++++
================================================================================
{
  "device": "gpu",
  "n_gpu": 1,
  "n_ally": 1,
  "n_advr": null,
  "n_advr_1": 1,
  "n_advr_2": 3,
  "n_channels": null,
  "n_filters": null,
  "dim": 2048,
  "hidden_dim": 4086,
  "leaky": 0,
  "activation": "tanh",
  "test_size": 0.1,
  "batch_size": 1024,
  "n_epochs": 1001,
  "shuffle": 0,
  "init_w": 1,
  "lr_encd": 1e-05,
  "lr_ally": 1e-05,
  "lr_advr": null,
  "lr_advr_1": 1e-06,
  "lr_advr_2": 1e-05,
  "alpha": 0.5,
  "g_reps": 1,
  "d_reps": 1,
  "expt": "titanic"
}
================================================================================
DType: torch.float32
Cuda available: True
Device: cuda
================================================================================
Dataset loaded
--------------------------------------------------------------------------------
['X']: (712, 1321)
['y_ally']: (712,)
['y_advr_1']: (712,)
['y_advr_2']: (712, 3)
================================================================================
Data size after train test split
--------------------------------------------------------------------------------
['X_train']: (640, 1321)
['X_valid']: (72, 1321)
['y_ally_train']: (640,)
['y_ally_valid']: (72,)
['y_advr_1_train']: (640,)
['y_advr_1_valid']: (72,)
['y_advr_2_train']: (640, 3)
['y_advr_2_valid']: (72, 3)
================================================================================
['X_normalized_train']: (640, 1321)
['X_normalized_valid']: (72, 1321)
================================================================================
applying weights_init ...
================================================================================
++++++++++++++++++++++++++++++++++++encoder++++++++++++++++++++++++++++++++++++
----------------------------------------------------------------
        Layer (type)               Output Shape         Param #
================================================================
            Linear-1              [-1, 1, 4086]       5,401,692
              ReLU-2              [-1, 1, 4086]               0
            Linear-3              [-1, 1, 2048]       8,370,176
              Tanh-4              [-1, 1, 2048]               0
================================================================
Total params: 13,771,868
Trainable params: 13,771,868
Non-trainable params: 0
----------------------------------------------------------------
Input size (MB): 0.01
Forward/backward pass size (MB): 0.09
Params size (MB): 52.54
Estimated Total Size (MB): 52.63
----------------------------------------------------------------
================================================================================
++++++++++++++++++++++++++++++++++++++ally++++++++++++++++++++++++++++++++++++++
----------------------------------------------------------------
        Layer (type)               Output Shape         Param #
================================================================
            Linear-1              [-1, 1, 4086]       8,372,214
              ReLU-2              [-1, 1, 4086]               0
            Linear-3                 [-1, 1, 1]           4,087
           Sigmoid-4                 [-1, 1, 1]               0
================================================================
Total params: 8,376,301
Trainable params: 8,376,301
Non-trainable params: 0
----------------------------------------------------------------
Input size (MB): 0.01
Forward/backward pass size (MB): 0.06
Params size (MB): 31.95
Estimated Total Size (MB): 32.02
----------------------------------------------------------------
================================================================================
+++++++++++++++++++++++++++++++++++++advr_1+++++++++++++++++++++++++++++++++++++
----------------------------------------------------------------
        Layer (type)               Output Shape         Param #
================================================================
            Linear-1              [-1, 1, 4086]       8,372,214
              ReLU-2              [-1, 1, 4086]               0
            Linear-3                 [-1, 1, 1]           4,087
           Sigmoid-4                 [-1, 1, 1]               0
================================================================
Total params: 8,376,301
Trainable params: 8,376,301
Non-trainable params: 0
----------------------------------------------------------------
Input size (MB): 0.01
Forward/backward pass size (MB): 0.06
Params size (MB): 31.95
Estimated Total Size (MB): 32.02
----------------------------------------------------------------
================================================================================
+++++++++++++++++++++++++++++++++++++advr_2+++++++++++++++++++++++++++++++++++++
----------------------------------------------------------------
        Layer (type)               Output Shape         Param #
================================================================
            Linear-1              [-1, 1, 4086]       8,372,214
              ReLU-2              [-1, 1, 4086]               0
            Linear-3                 [-1, 1, 3]          12,261
           Sigmoid-4                 [-1, 1, 3]               0
================================================================
Total params: 8,384,475
Trainable params: 8,384,475
Non-trainable params: 0
----------------------------------------------------------------
Input size (MB): 0.01
Forward/backward pass size (MB): 0.06
Params size (MB): 31.98
Estimated Total Size (MB): 32.05
----------------------------------------------------------------
Epoch 	 Encd Train 	 Encd Valid 	 Ally Train 	 Ally Valid 	 Advr 1 Train 	 Advr 1 Valid 	 Advr 2 Train 	 Advr 2 Valid
0 	 -0.03670621 	 -0.69880593 	 0.76997513 	 0.77095783 	 0.65553725 	 0.66116059 	 0.81074744 	 0.80860317
100 	 -0.11999738 	 -0.71867669 	 0.65441173 	 0.72628999 	 0.65061194 	 0.65859956 	 0.77876639 	 0.78636712
200 	 -0.21085894 	 -0.72957152 	 0.55226362 	 0.69708717 	 0.62705630 	 0.64869022 	 0.76580459 	 0.77796847
300 	 -0.20318323 	 -0.71617657 	 0.54873133 	 0.69555241 	 0.61093968 	 0.64156389 	 0.75490820 	 0.77016509
400 	 -0.18067944 	 -0.69690436 	 0.54421133 	 0.69263977 	 0.60343534 	 0.63673115 	 0.72670197 	 0.75281298
500 	 -0.17558688 	 -0.69214714 	 0.54321688 	 0.69561982 	 0.60304850 	 0.63653398 	 0.72035456 	 0.75123298
600 	 -0.17827755 	 -0.69708818 	 0.54365790 	 0.69638622 	 0.60968137 	 0.63997757 	 0.72338223 	 0.75349683
700 	 -0.17927718 	 -0.70202667 	 0.54491270 	 0.69354630 	 0.61444682 	 0.64182091 	 0.72549355 	 0.75375205
800 	 -0.18222386 	 -0.70524222 	 0.54607707 	 0.69265252 	 0.61591762 	 0.64245349 	 0.72956443 	 0.75544125
900 	 -0.18343496 	 -0.70648736 	 0.54713041 	 0.69217217 	 0.61397141 	 0.64237976 	 0.73173147 	 0.75627977
1000 	 -0.18257201 	 -0.70498174 	 0.54717982 	 0.69196516 	 0.61465490 	 0.64240062 	 0.73086995 	 0.75454628
================================================================================
Saving: plots/titanic/eigan_training_01_25_2020_22_40_32_F_device_cuda_dim_2048_hidden_4086_batch_1024_epochs_1001_lrencd_1e-05_lrally_1e-05_tr_-0.1826_val_0.6424.png
Saving: checkpoints/titanic/eigan_training_history_01_25_2020_22_40_32_F_device_cuda_dim_2048_hidden_4086_batch_1024_epochs_1001_lrencd_1e-05_lrally_1e-05_tr_-0.1826_val_0.6424.pkl
Saving: checkpoints/titanic/eigan_torch_model_01_25_2020_22_40_32_F_device_cuda_dim_2048_hidden_4086_batch_1024_epochs_1001_lrencd_1e-05_lrally_1e-05_tr_-0.1826_val_0.6424.pkl
================================================================================
+++++++++++++++++++++++++++End: 01/25/2020 22:49:18+++++++++++++++++++++++++++
================================================================================
