================================================================================
+++++++++++++++++++++++++++Start: 01/25/2020 22:36:17+++++++++++++++++++++++++++
================================================================================
{
  "device": "gpu",
  "n_gpu": 1,
  "n_ally": 1,
  "n_advr": null,
  "n_advr_1": 1,
  "n_advr_2": 3,
  "n_channels": null,
  "n_filters": null,
  "dim": 1024,
  "hidden_dim": 2048,
  "leaky": 0,
  "activation": "tanh",
  "test_size": 0.1,
  "batch_size": 1024,
  "n_epochs": 1001,
  "shuffle": 0,
  "init_w": 1,
  "lr_encd": 1e-05,
  "lr_ally": 1e-05,
  "lr_advr": null,
  "lr_advr_1": 1e-06,
  "lr_advr_2": 1e-05,
  "alpha": 0.5,
  "g_reps": 1,
  "d_reps": 1,
  "expt": "titanic"
}
================================================================================
DType: torch.float32
Cuda available: True
Device: cuda
================================================================================
Dataset loaded
--------------------------------------------------------------------------------
['X']: (712, 1321)
['y_ally']: (712,)
['y_advr_1']: (712,)
['y_advr_2']: (712, 3)
================================================================================
Data size after train test split
--------------------------------------------------------------------------------
['X_train']: (640, 1321)
['X_valid']: (72, 1321)
['y_ally_train']: (640,)
['y_ally_valid']: (72,)
['y_advr_1_train']: (640,)
['y_advr_1_valid']: (72,)
['y_advr_2_train']: (640, 3)
['y_advr_2_valid']: (72, 3)
================================================================================
['X_normalized_train']: (640, 1321)
['X_normalized_valid']: (72, 1321)
================================================================================
applying weights_init ...
================================================================================
++++++++++++++++++++++++++++++++++++encoder++++++++++++++++++++++++++++++++++++
----------------------------------------------------------------
        Layer (type)               Output Shape         Param #
================================================================
            Linear-1              [-1, 1, 2048]       2,707,456
              ReLU-2              [-1, 1, 2048]               0
            Linear-3              [-1, 1, 1024]       2,098,176
              Tanh-4              [-1, 1, 1024]               0
================================================================
Total params: 4,805,632
Trainable params: 4,805,632
Non-trainable params: 0
----------------------------------------------------------------
Input size (MB): 0.01
Forward/backward pass size (MB): 0.05
Params size (MB): 18.33
Estimated Total Size (MB): 18.38
----------------------------------------------------------------
================================================================================
++++++++++++++++++++++++++++++++++++++ally++++++++++++++++++++++++++++++++++++++
----------------------------------------------------------------
        Layer (type)               Output Shape         Param #
================================================================
            Linear-1              [-1, 1, 2048]       2,099,200
              ReLU-2              [-1, 1, 2048]               0
            Linear-3                 [-1, 1, 1]           2,049
           Sigmoid-4                 [-1, 1, 1]               0
================================================================
Total params: 2,101,249
Trainable params: 2,101,249
Non-trainable params: 0
----------------------------------------------------------------
Input size (MB): 0.00
Forward/backward pass size (MB): 0.03
Params size (MB): 8.02
Estimated Total Size (MB): 8.05
----------------------------------------------------------------
================================================================================
+++++++++++++++++++++++++++++++++++++advr_1+++++++++++++++++++++++++++++++++++++
----------------------------------------------------------------
        Layer (type)               Output Shape         Param #
================================================================
            Linear-1              [-1, 1, 2048]       2,099,200
              ReLU-2              [-1, 1, 2048]               0
            Linear-3                 [-1, 1, 1]           2,049
           Sigmoid-4                 [-1, 1, 1]               0
================================================================
Total params: 2,101,249
Trainable params: 2,101,249
Non-trainable params: 0
----------------------------------------------------------------
Input size (MB): 0.00
Forward/backward pass size (MB): 0.03
Params size (MB): 8.02
Estimated Total Size (MB): 8.05
----------------------------------------------------------------
================================================================================
+++++++++++++++++++++++++++++++++++++advr_2+++++++++++++++++++++++++++++++++++++
----------------------------------------------------------------
        Layer (type)               Output Shape         Param #
================================================================
            Linear-1              [-1, 1, 2048]       2,099,200
              ReLU-2              [-1, 1, 2048]               0
            Linear-3                 [-1, 1, 3]           6,147
           Sigmoid-4                 [-1, 1, 3]               0
================================================================
Total params: 2,105,347
Trainable params: 2,105,347
Non-trainable params: 0
----------------------------------------------------------------
Input size (MB): 0.00
Forward/backward pass size (MB): 0.03
Params size (MB): 8.03
Estimated Total Size (MB): 8.07
----------------------------------------------------------------
Epoch 	 Encd Train 	 Encd Valid 	 Ally Train 	 Ally Valid 	 Advr 1 Train 	 Advr 1 Valid 	 Advr 2 Train 	 Advr 2 Valid
0 	 -0.03600031 	 -0.69766480 	 0.77018869 	 0.77142602 	 0.65505421 	 0.66178709 	 0.80782437 	 0.80730373
100 	 -0.08410496 	 -0.71756923 	 0.69434768 	 0.72828507 	 0.65362537 	 0.66106522 	 0.77976799 	 0.78478909
200 	 -0.20182455 	 -0.73968840 	 0.56747895 	 0.69555539 	 0.64313221 	 0.65611416 	 0.77034003 	 0.77912962
300 	 -0.21199650 	 -0.73276395 	 0.55381984 	 0.69450366 	 0.63106865 	 0.65003711 	 0.76654911 	 0.77723050
400 	 -0.20222986 	 -0.72137356 	 0.55067551 	 0.69649738 	 0.62446326 	 0.64687228 	 0.75360596 	 0.77099866
500 	 -0.19109362 	 -0.71159458 	 0.54883212 	 0.69629341 	 0.62197000 	 0.64508271 	 0.74057126 	 0.76280528
600 	 -0.18616444 	 -0.71128380 	 0.54848546 	 0.69253200 	 0.62363786 	 0.64577740 	 0.73536319 	 0.75803840
700 	 -0.18446726 	 -0.71372652 	 0.54889238 	 0.68866044 	 0.62632138 	 0.64677268 	 0.73402363 	 0.75561428
800 	 -0.18352050 	 -0.71455818 	 0.54890376 	 0.68605435 	 0.62898916 	 0.64799255 	 0.73299438 	 0.75261998
900 	 -0.18482649 	 -0.71657407 	 0.54961580 	 0.68403310 	 0.62932462 	 0.64784306 	 0.73502189 	 0.75276411
1000 	 -0.18343925 	 -0.71584052 	 0.54982662 	 0.68303204 	 0.62936103 	 0.64840031 	 0.73374408 	 0.75047225
================================================================================
Saving: plots/titanic/eigan_training_01_25_2020_22_36_17_F_device_cuda_dim_1024_hidden_2048_batch_1024_epochs_1001_lrencd_1e-05_lrally_1e-05_tr_-0.1834_val_0.6484.png
Saving: checkpoints/titanic/eigan_training_history_01_25_2020_22_36_17_F_device_cuda_dim_1024_hidden_2048_batch_1024_epochs_1001_lrencd_1e-05_lrally_1e-05_tr_-0.1834_val_0.6484.pkl
Saving: checkpoints/titanic/eigan_torch_model_01_25_2020_22_36_17_F_device_cuda_dim_1024_hidden_2048_batch_1024_epochs_1001_lrencd_1e-05_lrally_1e-05_tr_-0.1834_val_0.6484.pkl
================================================================================
+++++++++++++++++++++++++++End: 01/25/2020 22:40:31+++++++++++++++++++++++++++
================================================================================
