================================================================================
+++++++++++++++++++++++++++Start: 01/25/2020 22:26:59+++++++++++++++++++++++++++
================================================================================
{
  "device": "gpu",
  "n_gpu": 1,
  "n_ally": 1,
  "n_advr": null,
  "n_advr_1": 1,
  "n_advr_2": 3,
  "n_channels": null,
  "n_filters": null,
  "dim": 128,
  "hidden_dim": 256,
  "leaky": 0,
  "activation": "tanh",
  "test_size": 0.1,
  "batch_size": 1024,
  "n_epochs": 1001,
  "shuffle": 0,
  "init_w": 1,
  "lr_encd": 1e-05,
  "lr_ally": 1e-05,
  "lr_advr": null,
  "lr_advr_1": 1e-06,
  "lr_advr_2": 1e-05,
  "alpha": 0.5,
  "g_reps": 1,
  "d_reps": 1,
  "expt": "titanic"
}
================================================================================
DType: torch.float32
Cuda available: True
Device: cuda
================================================================================
Dataset loaded
--------------------------------------------------------------------------------
['X']: (712, 1321)
['y_ally']: (712,)
['y_advr_1']: (712,)
['y_advr_2']: (712, 3)
================================================================================
Data size after train test split
--------------------------------------------------------------------------------
['X_train']: (640, 1321)
['X_valid']: (72, 1321)
['y_ally_train']: (640,)
['y_ally_valid']: (72,)
['y_advr_1_train']: (640,)
['y_advr_1_valid']: (72,)
['y_advr_2_train']: (640, 3)
['y_advr_2_valid']: (72, 3)
================================================================================
['X_normalized_train']: (640, 1321)
['X_normalized_valid']: (72, 1321)
================================================================================
applying weights_init ...
================================================================================
++++++++++++++++++++++++++++++++++++encoder++++++++++++++++++++++++++++++++++++
----------------------------------------------------------------
        Layer (type)               Output Shape         Param #
================================================================
            Linear-1               [-1, 1, 256]         338,432
              ReLU-2               [-1, 1, 256]               0
            Linear-3               [-1, 1, 128]          32,896
              Tanh-4               [-1, 1, 128]               0
================================================================
Total params: 371,328
Trainable params: 371,328
Non-trainable params: 0
----------------------------------------------------------------
Input size (MB): 0.01
Forward/backward pass size (MB): 0.01
Params size (MB): 1.42
Estimated Total Size (MB): 1.43
----------------------------------------------------------------
================================================================================
++++++++++++++++++++++++++++++++++++++ally++++++++++++++++++++++++++++++++++++++
----------------------------------------------------------------
        Layer (type)               Output Shape         Param #
================================================================
            Linear-1               [-1, 1, 256]          33,024
              ReLU-2               [-1, 1, 256]               0
            Linear-3                 [-1, 1, 1]             257
           Sigmoid-4                 [-1, 1, 1]               0
================================================================
Total params: 33,281
Trainable params: 33,281
Non-trainable params: 0
----------------------------------------------------------------
Input size (MB): 0.00
Forward/backward pass size (MB): 0.00
Params size (MB): 0.13
Estimated Total Size (MB): 0.13
----------------------------------------------------------------
================================================================================
+++++++++++++++++++++++++++++++++++++advr_1+++++++++++++++++++++++++++++++++++++
----------------------------------------------------------------
        Layer (type)               Output Shape         Param #
================================================================
            Linear-1               [-1, 1, 256]          33,024
              ReLU-2               [-1, 1, 256]               0
            Linear-3                 [-1, 1, 1]             257
           Sigmoid-4                 [-1, 1, 1]               0
================================================================
Total params: 33,281
Trainable params: 33,281
Non-trainable params: 0
----------------------------------------------------------------
Input size (MB): 0.00
Forward/backward pass size (MB): 0.00
Params size (MB): 0.13
Estimated Total Size (MB): 0.13
----------------------------------------------------------------
================================================================================
+++++++++++++++++++++++++++++++++++++advr_2+++++++++++++++++++++++++++++++++++++
----------------------------------------------------------------
        Layer (type)               Output Shape         Param #
================================================================
            Linear-1               [-1, 1, 256]          33,024
              ReLU-2               [-1, 1, 256]               0
            Linear-3                 [-1, 1, 3]             771
           Sigmoid-4                 [-1, 1, 3]               0
================================================================
Total params: 33,795
Trainable params: 33,795
Non-trainable params: 0
----------------------------------------------------------------
Input size (MB): 0.00
Forward/backward pass size (MB): 0.00
Params size (MB): 0.13
Estimated Total Size (MB): 0.13
----------------------------------------------------------------
Epoch 	 Encd Train 	 Encd Valid 	 Ally Train 	 Ally Valid 	 Advr 1 Train 	 Advr 1 Valid 	 Advr 2 Train 	 Advr 2 Valid
0 	 -0.03895265 	 -0.70015568 	 0.76989853 	 0.77101976 	 0.65546733 	 0.66203350 	 0.80900431 	 0.80914193
100 	 -0.05409241 	 -0.70572770 	 0.75578719 	 0.76541275 	 0.65504068 	 0.66196698 	 0.81004500 	 0.80917346
200 	 -0.07459813 	 -0.71303546 	 0.73314738 	 0.75623798 	 0.65425497 	 0.66179901 	 0.80796385 	 0.80747443
300 	 -0.10153037 	 -0.72238988 	 0.70069534 	 0.74252969 	 0.65274245 	 0.66142732 	 0.80248225 	 0.80349225
400 	 -0.13057715 	 -0.73032153 	 0.66412085 	 0.72841138 	 0.65027183 	 0.66058278 	 0.79495621 	 0.79815012
500 	 -0.15639704 	 -0.73465776 	 0.62977660 	 0.71736705 	 0.64739746 	 0.65959066 	 0.78638077 	 0.79243416
600 	 -0.17507380 	 -0.73588866 	 0.60239327 	 0.70973408 	 0.64476216 	 0.65873164 	 0.77761054 	 0.78689110
700 	 -0.18622667 	 -0.73492318 	 0.58348435 	 0.70511186 	 0.64253598 	 0.65787321 	 0.76980710 	 0.78216183
800 	 -0.19142240 	 -0.73275143 	 0.57189852 	 0.70274556 	 0.64070028 	 0.65706956 	 0.76338750 	 0.77842742
900 	 -0.19291973 	 -0.73020780 	 0.56528348 	 0.70175314 	 0.63921165 	 0.65641236 	 0.75825429 	 0.77554858
1000 	 -0.19265920 	 -0.72810328 	 0.56154698 	 0.70122772 	 0.63801533 	 0.65593827 	 0.75424927 	 0.77339274
================================================================================
Saving: plots/titanic/eigan_training_01_25_2020_22_26_59_F_device_cuda_dim_128_hidden_256_batch_1024_epochs_1001_lrencd_1e-05_lrally_1e-05_tr_-0.1927_val_0.6559.png
Saving: checkpoints/titanic/eigan_training_history_01_25_2020_22_26_59_F_device_cuda_dim_128_hidden_256_batch_1024_epochs_1001_lrencd_1e-05_lrally_1e-05_tr_-0.1927_val_0.6559.pkl
Saving: checkpoints/titanic/eigan_torch_model_01_25_2020_22_26_59_F_device_cuda_dim_128_hidden_256_batch_1024_epochs_1001_lrencd_1e-05_lrally_1e-05_tr_-0.1927_val_0.6559.pkl
================================================================================
+++++++++++++++++++++++++++End: 01/25/2020 22:29:44+++++++++++++++++++++++++++
================================================================================
