================================================================================
+++++++++++++++++++++++++++Start: 01/25/2020 22:32:52+++++++++++++++++++++++++++
================================================================================
{
  "device": "gpu",
  "n_gpu": 1,
  "n_ally": 1,
  "n_advr": null,
  "n_advr_1": 1,
  "n_advr_2": 3,
  "n_channels": null,
  "n_filters": null,
  "dim": 512,
  "hidden_dim": 1024,
  "leaky": 0,
  "activation": "tanh",
  "test_size": 0.1,
  "batch_size": 1024,
  "n_epochs": 1001,
  "shuffle": 0,
  "init_w": 1,
  "lr_encd": 1e-05,
  "lr_ally": 1e-05,
  "lr_advr": null,
  "lr_advr_1": 1e-06,
  "lr_advr_2": 1e-05,
  "alpha": 0.5,
  "g_reps": 1,
  "d_reps": 1,
  "expt": "titanic"
}
================================================================================
DType: torch.float32
Cuda available: True
Device: cuda
================================================================================
Dataset loaded
--------------------------------------------------------------------------------
['X']: (712, 1321)
['y_ally']: (712,)
['y_advr_1']: (712,)
['y_advr_2']: (712, 3)
================================================================================
Data size after train test split
--------------------------------------------------------------------------------
['X_train']: (640, 1321)
['X_valid']: (72, 1321)
['y_ally_train']: (640,)
['y_ally_valid']: (72,)
['y_advr_1_train']: (640,)
['y_advr_1_valid']: (72,)
['y_advr_2_train']: (640, 3)
['y_advr_2_valid']: (72, 3)
================================================================================
['X_normalized_train']: (640, 1321)
['X_normalized_valid']: (72, 1321)
================================================================================
applying weights_init ...
================================================================================
++++++++++++++++++++++++++++++++++++encoder++++++++++++++++++++++++++++++++++++
----------------------------------------------------------------
        Layer (type)               Output Shape         Param #
================================================================
            Linear-1              [-1, 1, 1024]       1,353,728
              ReLU-2              [-1, 1, 1024]               0
            Linear-3               [-1, 1, 512]         524,800
              Tanh-4               [-1, 1, 512]               0
================================================================
Total params: 1,878,528
Trainable params: 1,878,528
Non-trainable params: 0
----------------------------------------------------------------
Input size (MB): 0.01
Forward/backward pass size (MB): 0.02
Params size (MB): 7.17
Estimated Total Size (MB): 7.19
----------------------------------------------------------------
================================================================================
++++++++++++++++++++++++++++++++++++++ally++++++++++++++++++++++++++++++++++++++
----------------------------------------------------------------
        Layer (type)               Output Shape         Param #
================================================================
            Linear-1              [-1, 1, 1024]         525,312
              ReLU-2              [-1, 1, 1024]               0
            Linear-3                 [-1, 1, 1]           1,025
           Sigmoid-4                 [-1, 1, 1]               0
================================================================
Total params: 526,337
Trainable params: 526,337
Non-trainable params: 0
----------------------------------------------------------------
Input size (MB): 0.00
Forward/backward pass size (MB): 0.02
Params size (MB): 2.01
Estimated Total Size (MB): 2.03
----------------------------------------------------------------
================================================================================
+++++++++++++++++++++++++++++++++++++advr_1+++++++++++++++++++++++++++++++++++++
----------------------------------------------------------------
        Layer (type)               Output Shape         Param #
================================================================
            Linear-1              [-1, 1, 1024]         525,312
              ReLU-2              [-1, 1, 1024]               0
            Linear-3                 [-1, 1, 1]           1,025
           Sigmoid-4                 [-1, 1, 1]               0
================================================================
Total params: 526,337
Trainable params: 526,337
Non-trainable params: 0
----------------------------------------------------------------
Input size (MB): 0.00
Forward/backward pass size (MB): 0.02
Params size (MB): 2.01
Estimated Total Size (MB): 2.03
----------------------------------------------------------------
================================================================================
+++++++++++++++++++++++++++++++++++++advr_2+++++++++++++++++++++++++++++++++++++
----------------------------------------------------------------
        Layer (type)               Output Shape         Param #
================================================================
            Linear-1              [-1, 1, 1024]         525,312
              ReLU-2              [-1, 1, 1024]               0
            Linear-3                 [-1, 1, 3]           3,075
           Sigmoid-4                 [-1, 1, 3]               0
================================================================
Total params: 528,387
Trainable params: 528,387
Non-trainable params: 0
----------------------------------------------------------------
Input size (MB): 0.00
Forward/backward pass size (MB): 0.02
Params size (MB): 2.02
Estimated Total Size (MB): 2.03
----------------------------------------------------------------
Epoch 	 Encd Train 	 Encd Valid 	 Ally Train 	 Ally Valid 	 Advr 1 Train 	 Advr 1 Valid 	 Advr 2 Train 	 Advr 2 Valid
0 	 -0.03620249 	 -0.69733417 	 0.77159804 	 0.77143317 	 0.65540051 	 0.66123229 	 0.80845678 	 0.80753505
100 	 -0.08753932 	 -0.72723109 	 0.71104825 	 0.73445427 	 0.65480059 	 0.66106701 	 0.79908156 	 0.80061835
200 	 -0.12697434 	 -0.72786087 	 0.65610808 	 0.72332656 	 0.65252542 	 0.66044348 	 0.78396440 	 0.79074395
300 	 -0.19353521 	 -0.73775846 	 0.57020420 	 0.70079070 	 0.64492065 	 0.65860176 	 0.76410455 	 0.77994740
400 	 -0.20255053 	 -0.73892248 	 0.55781978 	 0.69758755 	 0.63815194 	 0.65676457 	 0.76060796 	 0.77974546
500 	 -0.19960243 	 -0.73725796 	 0.55548757 	 0.69641906 	 0.63363498 	 0.65553498 	 0.75529927 	 0.77814204
600 	 -0.19192594 	 -0.73290211 	 0.55368888 	 0.69533157 	 0.63091755 	 0.65486610 	 0.74580884 	 0.77336758
700 	 -0.18552017 	 -0.72941357 	 0.55205309 	 0.69379067 	 0.63072997 	 0.65484238 	 0.73777330 	 0.76836187
800 	 -0.18484384 	 -0.72917402 	 0.55263835 	 0.69323444 	 0.63258213 	 0.65481961 	 0.73768556 	 0.76758885
900 	 -0.18350410 	 -0.72789794 	 0.55284053 	 0.69205964 	 0.63394028 	 0.65493244 	 0.73651838 	 0.76502514
1000 	 -0.18204409 	 -0.72677410 	 0.55255431 	 0.69056636 	 0.63429999 	 0.65531415 	 0.73476422 	 0.76202631
================================================================================
Saving: plots/titanic/eigan_training_01_25_2020_22_32_52_F_device_cuda_dim_512_hidden_1024_batch_1024_epochs_1001_lrencd_1e-05_lrally_1e-05_tr_-0.1820_val_0.6553.png
Saving: checkpoints/titanic/eigan_training_history_01_25_2020_22_32_52_F_device_cuda_dim_512_hidden_1024_batch_1024_epochs_1001_lrencd_1e-05_lrally_1e-05_tr_-0.1820_val_0.6553.pkl
Saving: checkpoints/titanic/eigan_torch_model_01_25_2020_22_32_52_F_device_cuda_dim_512_hidden_1024_batch_1024_epochs_1001_lrencd_1e-05_lrally_1e-05_tr_-0.1820_val_0.6553.pkl
================================================================================
+++++++++++++++++++++++++++End: 01/25/2020 22:36:15+++++++++++++++++++++++++++
================================================================================
