E1
================================================================================
+++++++++++++++++++++++++++Start: 01/16/2020 21:56:04+++++++++++++++++++++++++++
================================================================================
{
  "device": "gpu",
  "n_ally": 1,
  "n_advr": null,
  "n_advr_1": 1,
  "n_advr_2": 3,
  "dim": 1400,
  "hidden_dim": 2800,
  "leaky": 0,
  "epsilon": null,
  "test_size": 0.1,
  "batch_size": 1024,
  "n_epochs": 1001,
  "shuffle": 1,
  "lr_ally": 0.0001,
  "lr_advr": null,
  "lr_advr_1": 0.0001,
  "lr_advr_2": 0.0001,
  "expt": "titanic",
  "pca_ckpt": null,
  "autoencoder_ckpt": null,
  "encoder_ckpt": "checkpoints/titanic/eigan_torch_model_01_15_2020_22_43_42_E_device_cuda_dim_1400_hidden_2800_batch_1024_epochs_1001_lrencd_1e-05_lrally_1e-05_tr_-0.1852_val_0.6462.pkl"
}
================================================================================
DType: torch.float32
Cuda available: True
Device: cuda
================================================================================
Dataset loaded
--------------------------------------------------------------------------------
['X']: (712, 1321)
['y_ally']: (712,)
['y_advr_1']: (712,)
['y_advr_2']: (712, 3)
================================================================================
Data size after train test split
--------------------------------------------------------------------------------
['X_train']: (640, 1321)
['X_valid']: (72, 1321)
['y_ally_train']: (640,)
['y_ally_valid']: (72,)
['y_advr_1_train']: (640,)
['y_advr_1_valid']: (72,)
['y_advr_2_train']: (640, 3)
['y_advr_2_valid']: (72, 3)
================================================================================
['X_normalized_train']: (640, 1321)
['X_normalized_valid']: (72, 1321)
================================================================================
++++++++++++++++++++++++++++++++++encoder:ally++++++++++++++++++++++++++++++++++
----------------------------------------------------------------
        Layer (type)               Output Shape         Param #
================================================================
            Linear-1              [-1, 1, 2800]       3,922,800
              ReLU-2              [-1, 1, 2800]               0
            Linear-3                 [-1, 1, 1]           2,801
           Sigmoid-4                 [-1, 1, 1]               0
================================================================
Total params: 3,925,601
Trainable params: 3,925,601
Non-trainable params: 0
----------------------------------------------------------------
Input size (MB): 0.01
Forward/backward pass size (MB): 0.04
Params size (MB): 14.97
Estimated Total Size (MB): 15.02
----------------------------------------------------------------
================================================================================
+++++++++++++++++++++++++++++++++encoder:advr 1+++++++++++++++++++++++++++++++++
----------------------------------------------------------------
        Layer (type)               Output Shape         Param #
================================================================
            Linear-1              [-1, 1, 2800]       3,922,800
              ReLU-2              [-1, 1, 2800]               0
            Linear-3                 [-1, 1, 1]           2,801
           Sigmoid-4                 [-1, 1, 1]               0
================================================================
Total params: 3,925,601
Trainable params: 3,925,601
Non-trainable params: 0
----------------------------------------------------------------
Input size (MB): 0.01
Forward/backward pass size (MB): 0.04
Params size (MB): 14.97
Estimated Total Size (MB): 15.02
----------------------------------------------------------------
================================================================================
+++++++++++++++++++++++++++++++++encoder:advr 2+++++++++++++++++++++++++++++++++
----------------------------------------------------------------
        Layer (type)               Output Shape         Param #
================================================================
            Linear-1              [-1, 1, 2800]       3,922,800
              ReLU-2              [-1, 1, 2800]               0
            Linear-3                 [-1, 1, 3]           8,403
           Sigmoid-4                 [-1, 1, 3]               0
================================================================
Total params: 3,931,203
Trainable params: 3,931,203
Non-trainable params: 0
----------------------------------------------------------------
Input size (MB): 0.01
Forward/backward pass size (MB): 0.04
Params size (MB): 15.00
Estimated Total Size (MB): 15.04
----------------------------------------------------------------
================================================================================
++++++++++++++++++++++++++++++++++++++ally++++++++++++++++++++++++++++++++++++++
Epoch 	 Ally Train 	 Ally Valid
0 	 0.77446103 	 0.76469845
100 	 0.54902238 	 0.64190573
200 	 0.54252291 	 0.64166874
300 	 0.54162139 	 0.64059150
400 	 0.54085875 	 0.64045626
500 	 0.54074377 	 0.64021826
600 	 0.54069483 	 0.64003193
700 	 0.54066736 	 0.63989341
800 	 0.54065019 	 0.63978654
900 	 0.54063886 	 0.63970101
1000 	 0.54063082 	 0.63963115
================================================================================
++++++++++++++++++++++++++++++++++adversary 1++++++++++++++++++++++++++++++++++
Epoch 	 Advr 1 Train 	 Advr 1 Valid
0 	 0.65660346 	 0.65896851
100 	 0.50153238 	 0.55039465
200 	 0.45643178 	 0.54250962
300 	 0.45305082 	 0.54279220
400 	 0.45249805 	 0.54264969
500 	 0.45228025 	 0.54287291
600 	 0.45216998 	 0.54317766
700 	 0.45210597 	 0.54349869
800 	 0.45206520 	 0.54381257
900 	 0.45203772 	 0.54410958
1000 	 0.45201811 	 0.54439014
================================================================================
++++++++++++++++++++++++++++++++++adversary 2++++++++++++++++++++++++++++++++++
Epoch 	 Advr 2 Train 	 Advr 2 Valid
0 	 1.09786165 	 1.08847857
100 	 0.62925482 	 0.86414021
200 	 0.56863791 	 0.82638121
300 	 0.55796373 	 0.81459004
400 	 0.55485523 	 0.80930340
500 	 0.55353945 	 0.80637830
600 	 0.55286014 	 0.80452716
700 	 0.55246341 	 0.80325872
800 	 0.55221158 	 0.80234104
900 	 0.55204165 	 0.80164760
1000 	 0.55192167 	 0.80111021
================================================================================
Saving: checkpoints/titanic/ind_gan_training_history_01_16_2020_21_56_04.pkl
================================================================================
+++++++++++++++++++++++++++End: 01/16/2020 22:01:12+++++++++++++++++++++++++++
================================================================================
