================================================================================
+++++++++++++++++++++++++++Start: 01/30/2020 14:11:06+++++++++++++++++++++++++++
================================================================================
{
  "device": "gpu",
  "n_ally": 1,
  "n_advr": null,
  "n_advr_1": 1,
  "n_advr_2": 3,
  "dim": 1321,
  "hidden_dim": 2000,
  "leaky": 0,
  "epsilon": 210.0,
  "test_size": 0.1,
  "batch_size": 1024,
  "n_epochs": 1001,
  "shuffle": 1,
  "lr_ally": 1e-05,
  "lr_advr": null,
  "lr_advr_1": 1e-05,
  "lr_advr_2": 0.0001,
  "expt": "titanic",
  "pca_ckpt": null,
  "autoencoder_ckpt": null,
  "encoder_ckpt": null
}
================================================================================
DType: torch.float32
Cuda available: False
Device: cpu
================================================================================
Dataset loaded
--------------------------------------------------------------------------------
['X']: (712, 1321)
['y_ally']: (712,)
['y_advr_1']: (712,)
['y_advr_2']: (712, 3)
================================================================================
Data size after train test split
--------------------------------------------------------------------------------
['X_train']: (640, 1321)
['X_valid']: (72, 1321)
['y_ally_train']: (640,)
['y_ally_valid']: (72,)
['y_advr_1_train']: (640,)
['y_advr_1_valid']: (72,)
['y_advr_2_train']: (640, 3)
['y_advr_2_valid']: (72, 3)
================================================================================
['X_normalized_train']: (640, 1321)
['X_normalized_valid']: (72, 1321)
================================================================================
++++++++++++++++++++++++++++++++++++dp:ally++++++++++++++++++++++++++++++++++++
----------------------------------------------------------------
        Layer (type)               Output Shape         Param #
================================================================
            Linear-1              [-1, 1, 2000]       2,644,000
              ReLU-2              [-1, 1, 2000]               0
            Linear-3                 [-1, 1, 1]           2,001
           Sigmoid-4                 [-1, 1, 1]               0
================================================================
Total params: 2,646,001
Trainable params: 2,646,001
Non-trainable params: 0
----------------------------------------------------------------
Input size (MB): 0.01
Forward/backward pass size (MB): 0.03
Params size (MB): 10.09
Estimated Total Size (MB): 10.13
----------------------------------------------------------------
================================================================================
+++++++++++++++++++++++++++++++++++dp:advr 1+++++++++++++++++++++++++++++++++++
----------------------------------------------------------------
        Layer (type)               Output Shape         Param #
================================================================
            Linear-1              [-1, 1, 2000]       2,644,000
              ReLU-2              [-1, 1, 2000]               0
            Linear-3                 [-1, 1, 1]           2,001
           Sigmoid-4                 [-1, 1, 1]               0
================================================================
Total params: 2,646,001
Trainable params: 2,646,001
Non-trainable params: 0
----------------------------------------------------------------
Input size (MB): 0.01
Forward/backward pass size (MB): 0.03
Params size (MB): 10.09
Estimated Total Size (MB): 10.13
----------------------------------------------------------------
================================================================================
+++++++++++++++++++++++++++++++++++dp:advr 2+++++++++++++++++++++++++++++++++++
----------------------------------------------------------------
        Layer (type)               Output Shape         Param #
================================================================
            Linear-1              [-1, 1, 2000]       2,644,000
              ReLU-2              [-1, 1, 2000]               0
            Linear-3                 [-1, 1, 3]           6,003
           Sigmoid-4                 [-1, 1, 3]               0
================================================================
Total params: 2,650,003
Trainable params: 2,650,003
Non-trainable params: 0
----------------------------------------------------------------
Input size (MB): 0.01
Forward/backward pass size (MB): 0.03
Params size (MB): 10.11
Estimated Total Size (MB): 10.14
----------------------------------------------------------------
================================================================================
++++++++++++++++++++++++++++++++++++++ally++++++++++++++++++++++++++++++++++++++
Epoch 	 Ally Train 	 Ally Valid
0 	 0.77184069 	 0.77111810
100 	 0.68608332 	 0.74367929
200 	 0.63994676 	 0.72814518
300 	 0.60933578 	 0.71809602
400 	 0.58834708 	 0.71062255
500 	 0.57429039 	 0.70446795
600 	 0.56487238 	 0.69936937
700 	 0.55846560 	 0.69519168
800 	 0.55400985 	 0.69190150
900 	 0.55085313 	 0.68917519
1000 	 0.54853636 	 0.68689686
================================================================================
++++++++++++++++++++++++++++++++++adversary 1++++++++++++++++++++++++++++++++++
Epoch 	 Advr 1 Train 	 Advr 1 Valid
0 	 0.65641892 	 0.66532439
100 	 0.58461446 	 0.64539433
200 	 0.53285062 	 0.62831688
300 	 0.50114989 	 0.61410981
400 	 0.48284841 	 0.60297459
500 	 0.47223225 	 0.59461546
600 	 0.46580887 	 0.58831394
700 	 0.46174926 	 0.58314580
800 	 0.45908397 	 0.57913435
900 	 0.45724884 	 0.57600224
1000 	 0.45595160 	 0.57330394
================================================================================
++++++++++++++++++++++++++++++++++adversary 2++++++++++++++++++++++++++++++++++
Epoch 	 Advr 2 Train 	 Advr 2 Valid
0 	 1.10326993 	 1.09422493
100 	 0.58325768 	 0.84307450
200 	 0.55858546 	 0.81114006
300 	 0.55456597 	 0.80182934
400 	 0.55319822 	 0.79704803
500 	 0.55257332 	 0.79493743
600 	 0.55223006 	 0.79324949
700 	 0.55202472 	 0.79189372
800 	 0.55188924 	 0.79151142
900 	 0.55179602 	 0.78982180
1000 	 0.55172914 	 0.79049230
================================================================================
Saving: checkpoints/titanic/ind_dp_training_history_01_30_2020_14_11_06.pkl
================================================================================
+++++++++++++++++++++++++++End: 01/30/2020 14:18:48+++++++++++++++++++++++++++
================================================================================
