================================================================================
+++++++++++++++++++++++++++Start: 01/15/2020 23:25:44+++++++++++++++++++++++++++
================================================================================
{
  "device": "gpu",
  "n_ally": 1,
  "n_advr": null,
  "n_advr_1": 1,
  "n_advr_2": 3,
  "dim": 588,
  "hidden_dim": 1000,
  "leaky": 1,
  "test_size": 0.1,
  "batch_size": 1024,
  "n_epochs": 1001,
  "shuffle": 1,
  "lr_ally": 0.0001,
  "lr_advr": null,
  "lr_advr_1": 0.0001,
  "lr_advr_2": 0.0001,
  "expt": "titanic",
  "pca_ckpt": "checkpoints/titanic/pca_basic_sklearn_model_01_14_2020_21_37_50_dim_588.pkl",
  "autoencoder_ckpt": "checkpoints/titanic/autoencoder_basic_torch_model_01_14_2020_21_42_04_device_cuda_dim_588_batch_1024_epochs_1001_lr_0.0001_tr_0.8422_val_0.5221.pkl",
  "encoder_ckpt": "checkpoints/titanic/eigan_torch_model_01_15_2020_16_28_11_D_device_cuda_dim_1400_hidden_2800_batch_2048_epochs_1001_lrencd_1e-05_lrally_1e-05_tr_-1.1339_val_0.6503.pkl"
}
================================================================================
DType: torch.float32
Cuda available: True
Device: cuda
================================================================================
Dataset loaded
--------------------------------------------------------------------------------
['X']: (712, 1321)
['y_ally']: (712,)
['y_advr_1']: (712,)
['y_advr_2']: (712, 3)
================================================================================
Data size after train test split
--------------------------------------------------------------------------------
['X_train']: (640, 1321)
['X_valid']: (72, 1321)
['y_ally_train']: (640,)
['y_ally_valid']: (72,)
['y_advr_1_train']: (640,)
['y_advr_1_valid']: (72,)
['y_advr_2_train']: (640, 3)
['y_advr_2_valid']: (72, 3)
================================================================================
['X_normalized_train']: (640, 1321)
['X_normalized_valid']: (72, 1321)
================================================================================
++++++++++++++++++++++++++++++++++++pca:ally++++++++++++++++++++++++++++++++++++
----------------------------------------------------------------
        Layer (type)               Output Shape         Param #
================================================================
            Linear-1              [-1, 1, 1000]         589,000
         LeakyReLU-2              [-1, 1, 1000]               0
            Linear-3                 [-1, 1, 1]           1,001
           Sigmoid-4                 [-1, 1, 1]               0
================================================================
Total params: 590,001
Trainable params: 590,001
Non-trainable params: 0
----------------------------------------------------------------
Input size (MB): 0.00
Forward/backward pass size (MB): 0.02
Params size (MB): 2.25
Estimated Total Size (MB): 2.27
----------------------------------------------------------------
================================================================================
+++++++++++++++++++++++++++++++++++pca:advr 1+++++++++++++++++++++++++++++++++++
----------------------------------------------------------------
        Layer (type)               Output Shape         Param #
================================================================
            Linear-1              [-1, 1, 1000]         589,000
         LeakyReLU-2              [-1, 1, 1000]               0
            Linear-3                 [-1, 1, 1]           1,001
           Sigmoid-4                 [-1, 1, 1]               0
================================================================
Total params: 590,001
Trainable params: 590,001
Non-trainable params: 0
----------------------------------------------------------------
Input size (MB): 0.00
Forward/backward pass size (MB): 0.02
Params size (MB): 2.25
Estimated Total Size (MB): 2.27
----------------------------------------------------------------
================================================================================
+++++++++++++++++++++++++++++++++++pca:advr 2+++++++++++++++++++++++++++++++++++
----------------------------------------------------------------
        Layer (type)               Output Shape         Param #
================================================================
            Linear-1              [-1, 1, 1000]         589,000
         LeakyReLU-2              [-1, 1, 1000]               0
            Linear-3                 [-1, 1, 3]           3,003
           Sigmoid-4                 [-1, 1, 3]               0
================================================================
Total params: 592,003
Trainable params: 592,003
Non-trainable params: 0
----------------------------------------------------------------
Input size (MB): 0.00
Forward/backward pass size (MB): 0.02
Params size (MB): 2.26
Estimated Total Size (MB): 2.28
----------------------------------------------------------------
================================================================================
++++++++++++++++++++++++++++++++++++++ally++++++++++++++++++++++++++++++++++++++
Epoch 	 Ally Train 	 Ally Valid
0 	 0.77288646 	 0.77265304
100 	 0.57592601 	 0.69553167
200 	 0.55356175 	 0.67010933
300 	 0.54746890 	 0.65940118
400 	 0.54478472 	 0.65372247
500 	 0.54330742 	 0.65044564
600 	 0.54239291 	 0.64834142
700 	 0.54177374 	 0.64679039
800 	 0.54134554 	 0.64560568
900 	 0.54104704 	 0.64467663
1000 	 0.54083359 	 0.64394522
================================================================================
++++++++++++++++++++++++++++++++++adversary 1++++++++++++++++++++++++++++++++++
Epoch 	 Advr 1 Train 	 Advr 1 Valid
0 	 0.65360600 	 0.65726376
100 	 0.47293139 	 0.59274471
200 	 0.45758769 	 0.56340909
300 	 0.45418501 	 0.54920083
400 	 0.45285901 	 0.54075062
500 	 0.45220786 	 0.53525639
600 	 0.45184013 	 0.53141719
700 	 0.45161229 	 0.52862400
800 	 0.45146176 	 0.52651167
900 	 0.45135710 	 0.52486813
1000 	 0.45128164 	 0.52355397
================================================================================
++++++++++++++++++++++++++++++++++adversary 2++++++++++++++++++++++++++++++++++
Epoch 	 Advr 2 Train 	 Advr 2 Valid
0 	 1.11305130 	 1.10230637
100 	 0.66310138 	 0.93444371
200 	 0.58775008 	 0.86801934
300 	 0.57071054 	 0.84200186
400 	 0.56372368 	 0.82869059
500 	 0.56012851 	 0.82072335
600 	 0.55804074 	 0.81563717
700 	 0.55671465 	 0.81226641
800 	 0.55581617 	 0.81007457
900 	 0.55517268 	 0.80871838
1000 	 0.55469131 	 0.80795139
================================================================================
Saving: checkpoints/titanic/ind_pca_training_history_01_15_2020_23_25_44.pkl
================================================================================
+++++++++++++++++++++++++++End: 01/15/2020 23:29:35+++++++++++++++++++++++++++
================================================================================
