================================================================================
+++++++++++++++++++++++++++Start: 01/16/2020 04:30:49+++++++++++++++++++++++++++
================================================================================
{
  "device": "gpu",
  "n_ally": 1,
  "n_advr": null,
  "n_advr_1": 1,
  "n_advr_2": 3,
  "dim": 588,
  "hidden_dim": 1000,
  "leaky": 1,
  "test_size": 0.1,
  "batch_size": 1024,
  "n_epochs": 20001,
  "shuffle": 1,
  "lr_ally": 0.0001,
  "lr_advr": null,
  "lr_advr_1": 0.0001,
  "lr_advr_2": 1e-05,
  "expt": "titanic",
  "pca_ckpt": "checkpoints/titanic/pca_basic_sklearn_model_01_14_2020_21_37_50_dim_588.pkl",
  "autoencoder_ckpt": "checkpoints/titanic/autoencoder_basic_torch_model_01_14_2020_21_42_04_device_cuda_dim_588_batch_1024_epochs_1001_lr_0.0001_tr_0.8422_val_0.5221.pkl",
  "encoder_ckpt": "checkpoints/titanic/eigan_torch_model_01_15_2020_16_28_11_D_device_cuda_dim_1400_hidden_2800_batch_2048_epochs_1001_lrencd_1e-05_lrally_1e-05_tr_-1.1339_val_0.6503.pkl"
}
================================================================================
DType: torch.float32
Cuda available: True
Device: cuda
================================================================================
Dataset loaded
--------------------------------------------------------------------------------
['X']: (712, 1321)
['y_ally']: (712,)
['y_advr_1']: (712,)
['y_advr_2']: (712, 3)
================================================================================
Data size after train test split
--------------------------------------------------------------------------------
['X_train']: (640, 1321)
['X_valid']: (72, 1321)
['y_ally_train']: (640,)
['y_ally_valid']: (72,)
['y_advr_1_train']: (640,)
['y_advr_1_valid']: (72,)
['y_advr_2_train']: (640, 3)
['y_advr_2_valid']: (72, 3)
================================================================================
['X_normalized_train']: (640, 1321)
['X_normalized_valid']: (72, 1321)
================================================================================
++++++++++++++++++++++++++++++++autoencoder:ally++++++++++++++++++++++++++++++++
----------------------------------------------------------------
        Layer (type)               Output Shape         Param #
================================================================
            Linear-1              [-1, 1, 1000]         589,000
         LeakyReLU-2              [-1, 1, 1000]               0
            Linear-3                 [-1, 1, 1]           1,001
           Sigmoid-4                 [-1, 1, 1]               0
================================================================
Total params: 590,001
Trainable params: 590,001
Non-trainable params: 0
----------------------------------------------------------------
Input size (MB): 0.00
Forward/backward pass size (MB): 0.02
Params size (MB): 2.25
Estimated Total Size (MB): 2.27
----------------------------------------------------------------
================================================================================
+++++++++++++++++++++++++++++++autoencoder:advr 1+++++++++++++++++++++++++++++++
----------------------------------------------------------------
        Layer (type)               Output Shape         Param #
================================================================
            Linear-1              [-1, 1, 1000]         589,000
         LeakyReLU-2              [-1, 1, 1000]               0
            Linear-3                 [-1, 1, 1]           1,001
           Sigmoid-4                 [-1, 1, 1]               0
================================================================
Total params: 590,001
Trainable params: 590,001
Non-trainable params: 0
----------------------------------------------------------------
Input size (MB): 0.00
Forward/backward pass size (MB): 0.02
Params size (MB): 2.25
Estimated Total Size (MB): 2.27
----------------------------------------------------------------
================================================================================
+++++++++++++++++++++++++++++++autoencoder:advr 2+++++++++++++++++++++++++++++++
----------------------------------------------------------------
        Layer (type)               Output Shape         Param #
================================================================
            Linear-1              [-1, 1, 1000]         589,000
         LeakyReLU-2              [-1, 1, 1000]               0
            Linear-3                 [-1, 1, 3]           3,003
           Sigmoid-4                 [-1, 1, 3]               0
================================================================
Total params: 592,003
Trainable params: 592,003
Non-trainable params: 0
----------------------------------------------------------------
Input size (MB): 0.00
Forward/backward pass size (MB): 0.02
Params size (MB): 2.26
Estimated Total Size (MB): 2.28
----------------------------------------------------------------
================================================================================
++++++++++++++++++++++++++++++++++adversary 2++++++++++++++++++++++++++++++++++
Epoch 	 Advr 2 Train 	 Advr 2 Valid
0 	 1.12153172 	 1.11653244
2000 	 0.58267957 	 0.76897049
4000 	 0.55812871 	 0.74821198
6000 	 0.55470371 	 0.74287003
8000 	 0.55402046 	 0.73972881
10000 	 0.55383700 	 0.73810279
12000 	 0.55329883 	 0.73828232
14000 	 0.55327940 	 0.73697114
16000 	 0.55327332 	 0.73620474
18000 	 0.55327141 	 0.73561478
20000 	 0.55327058 	 0.73512673
================================================================================
Saving: checkpoints/titanic/ind_autoencoder_training_history_01_16_2020_04_30_49.pkl
================================================================================
+++++++++++++++++++++++++++End: 01/16/2020 04:59:51+++++++++++++++++++++++++++
================================================================================
