================================================================================
+++++++++++++++++++++++++++Start: 01/16/2020 03:53:53+++++++++++++++++++++++++++
================================================================================
{
  "device": "gpu",
  "n_ally": 1,
  "n_advr": null,
  "n_advr_1": 1,
  "n_advr_2": 3,
  "dim": 588,
  "hidden_dim": 1000,
  "leaky": 1,
  "test_size": 0.1,
  "batch_size": 1024,
  "n_epochs": 1001,
  "shuffle": 1,
  "lr_ally": 0.0001,
  "lr_advr": null,
  "lr_advr_1": 0.0001,
  "lr_advr_2": 1e-05,
  "expt": "titanic",
  "pca_ckpt": "checkpoints/titanic/pca_basic_sklearn_model_01_14_2020_21_37_50_dim_588.pkl",
  "autoencoder_ckpt": "checkpoints/titanic/autoencoder_basic_torch_model_01_14_2020_21_42_04_device_cuda_dim_588_batch_1024_epochs_1001_lr_0.0001_tr_0.8422_val_0.5221.pkl",
  "encoder_ckpt": "checkpoints/titanic/eigan_torch_model_01_15_2020_16_28_11_D_device_cuda_dim_1400_hidden_2800_batch_2048_epochs_1001_lrencd_1e-05_lrally_1e-05_tr_-1.1339_val_0.6503.pkl"
}
================================================================================
DType: torch.float32
Cuda available: True
Device: cuda
================================================================================
Dataset loaded
--------------------------------------------------------------------------------
['X']: (712, 1321)
['y_ally']: (712,)
['y_advr_1']: (712,)
['y_advr_2']: (712, 3)
================================================================================
Data size after train test split
--------------------------------------------------------------------------------
['X_train']: (640, 1321)
['X_valid']: (72, 1321)
['y_ally_train']: (640,)
['y_ally_valid']: (72,)
['y_advr_1_train']: (640,)
['y_advr_1_valid']: (72,)
['y_advr_2_train']: (640, 3)
['y_advr_2_valid']: (72, 3)
================================================================================
['X_normalized_train']: (640, 1321)
['X_normalized_valid']: (72, 1321)
================================================================================
++++++++++++++++++++++++++++++++autoencoder:ally++++++++++++++++++++++++++++++++
----------------------------------------------------------------
        Layer (type)               Output Shape         Param #
================================================================
            Linear-1              [-1, 1, 1000]         589,000
         LeakyReLU-2              [-1, 1, 1000]               0
            Linear-3                 [-1, 1, 1]           1,001
           Sigmoid-4                 [-1, 1, 1]               0
================================================================
Total params: 590,001
Trainable params: 590,001
Non-trainable params: 0
----------------------------------------------------------------
Input size (MB): 0.00
Forward/backward pass size (MB): 0.02
Params size (MB): 2.25
Estimated Total Size (MB): 2.27
----------------------------------------------------------------
================================================================================
+++++++++++++++++++++++++++++++autoencoder:advr 1+++++++++++++++++++++++++++++++
----------------------------------------------------------------
        Layer (type)               Output Shape         Param #
================================================================
            Linear-1              [-1, 1, 1000]         589,000
         LeakyReLU-2              [-1, 1, 1000]               0
            Linear-3                 [-1, 1, 1]           1,001
           Sigmoid-4                 [-1, 1, 1]               0
================================================================
Total params: 590,001
Trainable params: 590,001
Non-trainable params: 0
----------------------------------------------------------------
Input size (MB): 0.00
Forward/backward pass size (MB): 0.02
Params size (MB): 2.25
Estimated Total Size (MB): 2.27
----------------------------------------------------------------
================================================================================
+++++++++++++++++++++++++++++++autoencoder:advr 2+++++++++++++++++++++++++++++++
----------------------------------------------------------------
        Layer (type)               Output Shape         Param #
================================================================
            Linear-1              [-1, 1, 1000]         589,000
         LeakyReLU-2              [-1, 1, 1000]               0
            Linear-3                 [-1, 1, 3]           3,003
           Sigmoid-4                 [-1, 1, 3]               0
================================================================
Total params: 592,003
Trainable params: 592,003
Non-trainable params: 0
----------------------------------------------------------------
Input size (MB): 0.00
Forward/backward pass size (MB): 0.02
Params size (MB): 2.26
Estimated Total Size (MB): 2.28
----------------------------------------------------------------
================================================================================
++++++++++++++++++++++++++++++++++++++ally++++++++++++++++++++++++++++++++++++++
Epoch 	 Ally Train 	 Ally Valid
0 	 0.76061100 	 0.75126839
100 	 0.69179672 	 0.68985158
200 	 0.58007789 	 0.63712627
300 	 0.56172222 	 0.63333631
400 	 0.55790722 	 0.63211602
500 	 0.55594462 	 0.63242847
600 	 0.55552340 	 0.63251150
700 	 0.55530816 	 0.63262260
800 	 0.55514729 	 0.63242745
900 	 0.55451852 	 0.63319463
1000 	 0.55445784 	 0.63329655
================================================================================
++++++++++++++++++++++++++++++++++adversary 1++++++++++++++++++++++++++++++++++
Epoch 	 Advr 1 Train 	 Advr 1 Valid
0 	 0.66157478 	 0.66435403
100 	 0.45722571 	 0.49637502
200 	 0.45250282 	 0.49185890
300 	 0.45164511 	 0.49155274
400 	 0.45134670 	 0.49155310
500 	 0.45120880 	 0.49158034
600 	 0.45113429 	 0.49161604
700 	 0.45108959 	 0.49165249
800 	 0.45106059 	 0.49169165
900 	 0.45104080 	 0.49173015
1000 	 0.45102674 	 0.49176249
================================================================================
++++++++++++++++++++++++++++++++++adversary 2++++++++++++++++++++++++++++++++++
Epoch 	 Advr 2 Train 	 Advr 2 Valid
0 	 1.08782315 	 1.09085917
100 	 0.99673760 	 1.01558566
200 	 0.93247318 	 0.97474360
300 	 0.86904764 	 0.93401569
400 	 0.81456840 	 0.89996582
500 	 0.77027565 	 0.87373173
600 	 0.73466760 	 0.85425216
700 	 0.70582908 	 0.83941531
800 	 0.68226039 	 0.82801169
900 	 0.66297829 	 0.81914467
1000 	 0.64714175 	 0.81222546
================================================================================
Saving: checkpoints/titanic/ind_autoencoder_training_history_01_16_2020_03_53_53.pkl
================================================================================
+++++++++++++++++++++++++++End: 01/16/2020 03:57:51+++++++++++++++++++++++++++
================================================================================
